This is pdfTeX, Version 3.1415926-2.4-1.40.13 (TeX Live 2012) (format=pdflatex 2013.4.1)  19 SEP 2013 18:15
entering extended mode
 \write18 enabled.
 file:line:error style messages enabled.
 %&-line parsing enabled.
**thesis.tex
(./thesis.tex
LaTeX2e <2011/06/27>
Babel <v3.8m> and hyphenation patterns for english, dumylang, nohyphenation, ge
rman-x-2012-05-30, ngerman-x-2012-05-30, afrikaans, ancientgreek, ibycus, arabi
c, armenian, basque, bulgarian, catalan, pinyin, coptic, croatian, czech, danis
h, dutch, ukenglish, usenglishmax, esperanto, estonian, ethiopic, farsi, finnis
h, french, friulan, galician, german, ngerman, swissgerman, monogreek, greek, h
ungarian, icelandic, assamese, bengali, gujarati, hindi, kannada, malayalam, ma
rathi, oriya, panjabi, tamil, telugu, indonesian, interlingua, irish, italian, 
kurmanji, latin, latvian, lithuanian, mongolian, mongolianlmc, bokmal, nynorsk,
 polish, portuguese, romanian, romansh, russian, sanskrit, serbian, serbianc, s
lovak, slovenian, spanish, swedish, turkish, turkmen, ukrainian, uppersorbian, 
welsh, loaded.
(./Latex/Classes/PhDthesisPSnPDF.cls
Document Class: Latex/Classes/PhDthesisPSnPDF 2007/09/06 v2 PhD thesis class
(/usr/local/texlive/2012/texmf-dist/tex/latex/base/book.cls
Document Class: book 2007/10/19 v1.4h Standard LaTeX document class
(/usr/local/texlive/2012/texmf-dist/tex/latex/base/bk12.clo
File: bk12.clo 2007/10/19 v1.4h Standard LaTeX file (size option)
)
\c@part=\count79
\c@chapter=\count80
\c@section=\count81
\c@subsection=\count82
\c@subsubsection=\count83
\c@paragraph=\count84
\c@subparagraph=\count85
\c@figure=\count86
\c@table=\count87
\abovecaptionskip=\skip41
\belowcaptionskip=\skip42
\bibindent=\dimen102
)
(/usr/local/texlive/2012/texmf-dist/tex/latex/amsfonts/amssymb.sty
Package: amssymb 2009/06/22 v3.00

(/usr/local/texlive/2012/texmf-dist/tex/latex/amsfonts/amsfonts.sty
Package: amsfonts 2009/06/22 v3.00 Basic AMSFonts support
\@emptytoks=\toks14
\symAMSa=\mathgroup4
\symAMSb=\mathgroup5
LaTeX Font Info:    Overwriting math alphabet `\mathfrak' in version `bold'
(Font)                  U/euf/m/n --> U/euf/b/n on input line 96.
))
(/usr/local/texlive/2012/texmf-dist/tex/latex/graphics/graphics.sty
Package: graphics 2009/02/05 v1.0o Standard LaTeX Graphics (DPC,SPQR)

(/usr/local/texlive/2012/texmf-dist/tex/latex/graphics/trig.sty
Package: trig 1999/03/16 v1.09 sin cos tan (DPC)
)
(/usr/local/texlive/2012/texmf-dist/tex/latex/latexconfig/graphics.cfg
File: graphics.cfg 2010/04/23 v1.9 graphics configuration of TeX Live
)
Package graphics Info: Driver file: pdftex.def on input line 91.

(/usr/local/texlive/2012/texmf-dist/tex/latex/pdftex-def/pdftex.def
File: pdftex.def 2011/05/27 v0.06d Graphics/color for pdfTeX

(/usr/local/texlive/2012/texmf-dist/tex/generic/oberdiek/infwarerr.sty
Package: infwarerr 2010/04/08 v1.3 Providing info/warning/error messages (HO)
)
(/usr/local/texlive/2012/texmf-dist/tex/generic/oberdiek/ltxcmds.sty
Package: ltxcmds 2011/11/09 v1.22 LaTeX kernel commands for general use (HO)
)
\Gread@gobject=\count88
))
(/usr/local/texlive/2012/texmf-dist/tex/latex/caption/caption.sty
Package: caption 2012/02/19 v3.2f Customizing captions (AR)

(/usr/local/texlive/2012/texmf-dist/tex/latex/caption/caption3.sty
Package: caption3 2012/01/12 v1.4b caption3 kernel (AR)

(/usr/local/texlive/2012/texmf-dist/tex/latex/graphics/keyval.sty
Package: keyval 1999/03/16 v1.13 key=value parser (DPC)
\KV@toks@=\toks15
)
\captionmargin=\dimen103
\captionmargin@=\dimen104
\captionwidth=\dimen105
\caption@indent=\dimen106
\caption@parindent=\dimen107
\caption@hangindent=\dimen108
)
\c@ContinuedFloat=\count89
)
(/usr/local/texlive/2012/texmf-dist/tex/latex/fancyhdr/fancyhdr.sty
\fancy@headwidth=\skip43
\f@ncyO@elh=\skip44
\f@ncyO@erh=\skip45
\f@ncyO@olh=\skip46
\f@ncyO@orh=\skip47
\f@ncyO@elf=\skip48
\f@ncyO@erf=\skip49
\f@ncyO@olf=\skip50
\f@ncyO@orf=\skip51
)
(/usr/local/texlive/2012/texmf-dist/tex/latex/amsfonts/eucal.sty
Package: eucal 2009/06/22 v3.00 Euler Script fonts
LaTeX Font Info:    Overwriting math alphabet `\EuScript' in version `bold'
(Font)                  U/eus/m/n --> U/eus/b/n on input line 33.
)
(/usr/local/texlive/2012/texmf-dist/tex/generic/babel/babel.sty
Package: babel 2008/07/08 v3.8m The Babel package

(/usr/local/texlive/2012/texmf-dist/tex/generic/babel/english.ldf
Language: english 2005/03/30 v3.3o English support from the babel system

(/usr/local/texlive/2012/texmf-dist/tex/generic/babel/babel.def
File: babel.def 2008/07/08 v3.8m Babel common definitions
\babel@savecnt=\count90
\U@D=\dimen109
)
\l@canadian = a dialect from \language\l@american 
\l@australian = a dialect from \language\l@british 
\l@newzealand = a dialect from \language\l@british 
))
(/usr/local/texlive/2012/texmf-dist/tex/latex/graphics/color.sty
Package: color 2005/11/14 v1.0j Standard LaTeX Color (DPC)

(/usr/local/texlive/2012/texmf-dist/tex/latex/latexconfig/color.cfg
File: color.cfg 2007/01/18 v1.5 color configuration of teTeX/TeXLive
)
Package color Info: Driver file: pdftex.def on input line 130.

(/usr/local/texlive/2012/texmf-dist/tex/latex/graphics/dvipsnam.def
File: dvipsnam.def 1999/02/16 v3.0i Driver-dependant file (DPC,SPQR)
))
(/usr/local/texlive/2012/texmf-dist/tex/latex/footmisc/footmisc.sty
Package: footmisc 2011/06/06 v5.5b a miscellany of footnote facilities
\FN@temptoken=\toks16
\footnotemargin=\dimen110
\c@pp@next@reset=\count91
\c@@fnserial=\count92
Package footmisc Info: Declaring symbol style bringhurst on input line 855.
Package footmisc Info: Declaring symbol style chicago on input line 863.
Package footmisc Info: Declaring symbol style wiley on input line 872.
Package footmisc Info: Declaring symbol style lamport-robust on input line 883.

Package footmisc Info: Declaring symbol style lamport* on input line 903.
Package footmisc Info: Declaring symbol style lamport*-robust on input line 924
.
)
(/usr/local/texlive/2012/texmf-dist/tex/latex/natbib/natbib.sty
Package: natbib 2010/09/13 8.31b (PWD, AO)
\bibhang=\skip52
\bibsep=\skip53
LaTeX Info: Redefining \cite on input line 694.
\c@NAT@ctr=\count93
)
(/usr/local/texlive/2012/texmf-dist/tex/latex/base/ifthen.sty
Package: ifthen 2001/05/26 v1.1c Standard LaTeX ifthen package (DPC)
)
(/usr/local/texlive/2012/texmf-dist/tex/latex/tools/multicol.sty
Package: multicol 2011/06/27 v1.7a multicolumn formatting (FMi)
\c@tracingmulticols=\count94
\mult@box=\box26
\multicol@leftmargin=\dimen111
\c@unbalance=\count95
\c@collectmore=\count96
\doublecol@number=\count97
\multicoltolerance=\count98
\multicolpretolerance=\count99
\full@width=\dimen112
\page@free=\dimen113
\premulticols=\dimen114
\postmulticols=\dimen115
\multicolsep=\skip54
\multicolbaselineskip=\skip55
\partial@page=\box27
\last@line=\box28
\mult@rightbox=\box29
\mult@grightbox=\box30
\mult@gfirstbox=\box31
\mult@firstbox=\box32
\@tempa=\box33
\@tempa=\box34
\@tempa=\box35
\@tempa=\box36
\@tempa=\box37
\@tempa=\box38
\@tempa=\box39
\@tempa=\box40
\@tempa=\box41
\@tempa=\box42
\@tempa=\box43
\@tempa=\box44
\@tempa=\box45
\@tempa=\box46
\@tempa=\box47
\@tempa=\box48
\@tempa=\box49
\c@columnbadness=\count100
\c@finalcolumnbadness=\count101
\last@try=\dimen116
\multicolovershoot=\dimen117
\multicolundershoot=\dimen118
\mult@nat@firstbox=\box50
\colbreak@box=\box51
\multicol@sort@counter=\count102
)
(/usr/local/texlive/2012/texmf-dist/tex/latex/tocbibind/tocbibind.sty
Package: tocbibind 2010/10/13 v1.5k extra ToC listings
Package tocbibind Info: The document has chapter divisions on input line 50.


Package tocbibind Note: Using chapter style headings, unless overridden.

) (/usr/local/texlive/2012/texmf-dist/tex/latex/nomencl/nomencl.sty
Package: nomencl 2005/09/22 v4.2 Nomenclature package (LN)
\nomlabelwidth=\dimen119
\nom@tempdim=\dimen120
\nomitemsep=\skip56
)
\@nomenclaturefile=\write3
\openout3 = `thesis.nlo'.


Writing nomenclature file thesis.nlo
(/usr/local/texlive/2012/texmf-dist/tex/generic/oberdiek/ifpdf.sty
Package: ifpdf 2011/01/30 v2.3 Provides the ifpdf switch (HO)
Package ifpdf Info: pdfTeX in PDF mode is detected.
)
(/usr/local/texlive/2012/texmf-dist/tex/latex/hyperref/hyperref.sty
Package: hyperref 2012/05/13 v6.82q Hypertext links for LaTeX

(/usr/local/texlive/2012/texmf-dist/tex/generic/oberdiek/hobsub-hyperref.sty
Package: hobsub-hyperref 2012/05/28 v1.13 Bundle oberdiek, subset hyperref (HO)


(/usr/local/texlive/2012/texmf-dist/tex/generic/oberdiek/hobsub-generic.sty
Package: hobsub-generic 2012/05/28 v1.13 Bundle oberdiek, subset generic (HO)
Package: hobsub 2012/05/28 v1.13 Construct package bundles (HO)
Package hobsub Info: Skipping package `infwarerr' (already loaded).
Package hobsub Info: Skipping package `ltxcmds' (already loaded).
Package: ifluatex 2010/03/01 v1.3 Provides the ifluatex switch (HO)
Package ifluatex Info: LuaTeX not detected.
Package: ifvtex 2010/03/01 v1.5 Detect VTeX and its facilities (HO)
Package ifvtex Info: VTeX not detected.
Package: intcalc 2007/09/27 v1.1 Expandable calculations with integers (HO)
Package hobsub Info: Skipping package `ifpdf' (already loaded).
Package: etexcmds 2011/02/16 v1.5 Avoid name clashes with e-TeX commands (HO)
Package etexcmds Info: Could not find \expanded.
(etexcmds)             That can mean that you are not using pdfTeX 1.50 or
(etexcmds)             that some package has redefined \expanded.
(etexcmds)             In the latter case, load this package earlier.
Package: kvsetkeys 2012/04/25 v1.16 Key value parser (HO)
Package: kvdefinekeys 2011/04/07 v1.3 Define keys (HO)
Package: pdftexcmds 2011/11/29 v0.20 Utility functions of pdfTeX for LuaTeX (HO
)
Package pdftexcmds Info: LuaTeX not detected.
Package pdftexcmds Info: \pdf@primitive is available.
Package pdftexcmds Info: \pdf@ifprimitive is available.
Package pdftexcmds Info: \pdfdraftmode found.
Package: pdfescape 2011/11/25 v1.13 Implements pdfTeX's escape features (HO)
Package: bigintcalc 2012/04/08 v1.3 Expandable calculations on big integers (HO
)
Package: bitset 2011/01/30 v1.1 Handle bit-vector datatype (HO)
Package: uniquecounter 2011/01/30 v1.2 Provide unlimited unique counter (HO)
)
Package hobsub Info: Skipping package `hobsub' (already loaded).
Package: letltxmacro 2010/09/02 v1.4 Let assignment for LaTeX macros (HO)
Package: hopatch 2012/05/28 v1.2 Wrapper for package hooks (HO)
Package: xcolor-patch 2011/01/30 xcolor patch
Package: atveryend 2011/06/30 v1.8 Hooks at the very end of document (HO)
Package atveryend Info: \enddocument detected (standard20110627).
Package: atbegshi 2011/10/05 v1.16 At begin shipout hook (HO)
Package: refcount 2011/10/16 v3.4 Data extraction from label references (HO)
Package: hycolor 2011/01/30 v1.7 Color options for hyperref/bookmark (HO)
)
(/usr/local/texlive/2012/texmf-dist/tex/generic/ifxetex/ifxetex.sty
Package: ifxetex 2010/09/12 v0.6 Provides ifxetex conditional
)
(/usr/local/texlive/2012/texmf-dist/tex/latex/oberdiek/kvoptions.sty
Package: kvoptions 2011/06/30 v3.11 Key value format for package options (HO)
)
\@linkdim=\dimen121
\Hy@linkcounter=\count103
\Hy@pagecounter=\count104

(/usr/local/texlive/2012/texmf-dist/tex/latex/hyperref/pd1enc.def
File: pd1enc.def 2012/05/13 v6.82q Hyperref: PDFDocEncoding definition (HO)
)
\Hy@SavedSpaceFactor=\count105

(/usr/local/texlive/2012/texmf-dist/tex/latex/latexconfig/hyperref.cfg
File: hyperref.cfg 2002/06/06 v1.2 hyperref configuration of TeXLive
)
Package hyperref Info: Option `plainpages' set `false' on input line 3941.
Package hyperref Info: Option `pdfpagelabels' set `true' on input line 3941.


Package hyperref Warning: Values of option `pdfpagelayout':
(hyperref)                * `SinglePage'
(hyperref)                * `OneColumn'
(hyperref)                * `TwoColumnLeft'
(hyperref)                * `TwoColumnRight'
(hyperref)                * `TwoPageLeft' (PDF 1.5)
(hyperref)                * `TwoPageRight' (PDF 1.5)
(hyperref)                * An empty value disables the option.
(hyperref)                Unknown value `useoutlines' on input line 3941.

Package hyperref Info: Option `bookmarks' set `true' on input line 3941.
Package hyperref Info: Option `bookmarksopen' set `true' on input line 3941.
Package hyperref Info: Option `bookmarksnumbered' set `true' on input line 3941
.
Package hyperref Info: Option `breaklinks' set `true' on input line 3941.
Package hyperref Info: Option `linktocpage' set `true' on input line 3941.
Package hyperref Info: Option `colorlinks' set `false' on input line 3941.
Package hyperref Info: Option `hyperindex' set `true' on input line 3941.
Package hyperref Info: Option `hyperfigures' set `true' on input line 3941.
Package hyperref Info: Hyper figures ON on input line 4060.
Package hyperref Info: Link nesting OFF on input line 4067.
Package hyperref Info: Hyper index ON on input line 4070.
Package hyperref Info: Plain pages OFF on input line 4077.
Package hyperref Info: Backreferencing ON on input line 4080.
Package hyperref Info: Implicit mode ON; LaTeX internals redefined.
Package hyperref Info: Bookmarks ON on input line 4300.
(/usr/local/texlive/2012/texmf-dist/tex/latex/hyperref/backref.sty
Package: backref 2010/08/30 v1.36 Bibliographical back referencing

(/usr/local/texlive/2012/texmf-dist/tex/latex/oberdiek/rerunfilecheck.sty
Package: rerunfilecheck 2011/04/15 v1.7 Rerun checks for auxiliary files (HO)
Package uniquecounter Info: New unique counter `rerunfilecheck' on input line 2
82.
))
\c@Hy@tempcnt=\count106

(/usr/local/texlive/2012/texmf-dist/tex/latex/url/url.sty
\Urlmuskip=\muskip10
Package: url 2006/04/12  ver 3.3  Verb mode for urls, etc.
)
LaTeX Info: Redefining \url on input line 4653.
\Fld@menulength=\count107
\Field@Width=\dimen122
\Fld@charsize=\dimen123
Package hyperref Info: Hyper figures ON on input line 5771.
Package hyperref Info: Link nesting OFF on input line 5778.
Package hyperref Info: Hyper index ON on input line 5781.
Package hyperref Info: backreferencing ON on input line 5786.
Package hyperref Info: Link coloring OFF on input line 5793.
Package hyperref Info: Link coloring with OCG OFF on input line 5798.
Package hyperref Info: PDF/A mode OFF on input line 5803.
LaTeX Info: Redefining \ref on input line 5843.
LaTeX Info: Redefining \pageref on input line 5847.
\Hy@abspage=\count108
\c@Item=\count109
\c@Hfootnote=\count110
)

Package hyperref Message: Driver: hpdftex.

(/usr/local/texlive/2012/texmf-dist/tex/latex/hyperref/hpdftex.def
File: hpdftex.def 2012/05/13 v6.82q Hyperref driver for pdfTeX
\Fld@listcount=\count111
\c@bookmark@seq@number=\count112
\Hy@SectionHShift=\skip57
)
(/usr/local/texlive/2012/texmf-dist/tex/latex/graphics/graphicx.sty
Package: graphicx 1999/02/16 v1.0f Enhanced LaTeX Graphics (DPC,SPQR)
\Gin@req@height=\dimen124
\Gin@req@width=\dimen125
)

Package Fancyhdr Warning: \fancyhead's `E' option without twoside option is use
less on input line 205.

) (/usr/local/texlive/2012/texmf-dist/tex/latex/lineno/lineno.sty
Package: lineno 2005/11/02 line numbers on paragraphs v4.41
\linenopenalty=\count113
\output=\toks17
\linenoprevgraf=\count114
\linenumbersep=\dimen126
\linenumberwidth=\dimen127
\c@linenumber=\count115
\c@pagewiselinenumber=\count116
\c@LN@truepage=\count117
\c@internallinenumber=\count118
\c@internallinenumbers=\count119
\quotelinenumbersep=\dimen128
\bframerule=\dimen129
\bframesep=\dimen130
\bframebox=\box52
LaTeX Info: Redefining \\ on input line 3056.
)
(/usr/local/texlive/2012/texmf-dist/tex/latex/amsmath/amsbsy.sty
Package: amsbsy 1999/11/29 v1.2d

(/usr/local/texlive/2012/texmf-dist/tex/latex/amsmath/amsgen.sty
File: amsgen.sty 1999/11/30 v2.0
\@emptytoks=\toks18
\ex@=\dimen131
)
\pmbraise@=\dimen132
)
(/usr/local/texlive/2012/texmf-dist/tex/latex/tools/xspace.sty
Package: xspace 2009/10/20 v1.13 Space after command names (DPC,MH)
) (./wtmmPkg.sty) (/usr/local/texlive/2012/texmf-dist/tex/latex/multirow/multir
ow.sty
\bigstrutjot=\dimen133
)
(/usr/local/texlive/2012/texmf-dist/tex/latex/paralist/paralist.sty
Package: paralist 2002/03/18 v2.3b Extended list environments (BS)
\pltopsep=\skip58
\plpartopsep=\skip59
\plitemsep=\skip60
\plparsep=\skip61
\pl@lab=\toks19
)
(/usr/local/texlive/2012/texmf-dist/tex/latex/titlesec/titlesec.sty
Package: titlesec 2011/12/15 v2.10.0 Sectioning titles
\ttl@box=\box53
\beforetitleunit=\skip62
\aftertitleunit=\skip63
\ttl@plus=\dimen134
\ttl@minus=\dimen135
\ttl@toksa=\toks20
\titlewidth=\dimen136
\titlewidthlast=\dimen137
\titlewidthfirst=\dimen138
)
(/usr/local/texlive/2012/texmf-dist/tex/latex/graphics/lscape.sty
Package: lscape 2000/10/22 v3.01 Landscape Pages (DPC)
)
(/usr/local/texlive/2012/texmf-dist/tex/latex/quotchap/quotchap.sty
Package: quotchap 2011/01/15 v1.0 Decorative Chapter Headings with Quotes
\@quotebox=\box54
)
(/usr/local/texlive/2012/texmf-dist/tex/latex/oberdiek/epstopdf.sty
Package: epstopdf 2010/02/09 v2.5 Conversion with epstopdf on the fly (HO)

(/usr/local/texlive/2012/texmf-dist/tex/latex/oberdiek/epstopdf-base.sty
Package: epstopdf-base 2010/02/09 v2.5 Base part for package epstopdf

(/usr/local/texlive/2012/texmf-dist/tex/latex/oberdiek/grfext.sty
Package: grfext 2010/08/19 v1.1 Manage graphics extensions (HO)
)
Package grfext Info: Graphics extension search list:
(grfext)             [.png,.jpg,.jpeg,.pdf,.gif,.eps]
(grfext)             \AppendGraphicsExtensions on input line 452.

(/usr/local/texlive/2012/texmf-dist/tex/latex/latexconfig/epstopdf-sys.cfg
File: epstopdf-sys.cfg 2010/07/13 v1.3 Configuration of (r)epstopdf for TeX Liv
e
)))
(/usr/local/texlive/2012/texmf-dist/tex/latex/amsmath/amsmath.sty
Package: amsmath 2000/07/18 v2.13 AMS math features
\@mathmargin=\skip64

For additional information on amsmath, use the `?' option.
(/usr/local/texlive/2012/texmf-dist/tex/latex/amsmath/amstext.sty
Package: amstext 2000/06/29 v2.01
)
(/usr/local/texlive/2012/texmf-dist/tex/latex/amsmath/amsopn.sty
Package: amsopn 1999/12/14 v2.01 operator names
)
\inf@bad=\count120
LaTeX Info: Redefining \frac on input line 211.
\uproot@=\count121
\leftroot@=\count122
LaTeX Info: Redefining \overline on input line 307.
\classnum@=\count123
\DOTSCASE@=\count124
LaTeX Info: Redefining \ldots on input line 379.
LaTeX Info: Redefining \dots on input line 382.
LaTeX Info: Redefining \cdots on input line 467.
\Mathstrutbox@=\box55
\strutbox@=\box56
\big@size=\dimen139
LaTeX Font Info:    Redeclaring font encoding OML on input line 567.
LaTeX Font Info:    Redeclaring font encoding OMS on input line 568.
\macc@depth=\count125
\c@MaxMatrixCols=\count126
\dotsspace@=\muskip11
\c@parentequation=\count127
\dspbrk@lvl=\count128
\tag@help=\toks21
\row@=\count129
\column@=\count130
\maxfields@=\count131
\andhelp@=\toks22
\eqnshift@=\dimen140
\alignsep@=\dimen141
\tagshift@=\dimen142
\tagwidth@=\dimen143
\totwidth@=\dimen144
\lineht@=\dimen145
\@envbody=\toks23
\multlinegap=\skip65
\multlinetaggap=\skip66
\mathdisplay@stack=\toks24
LaTeX Info: Redefining \[ on input line 2666.
LaTeX Info: Redefining \] on input line 2667.
)
(/usr/local/texlive/2012/texmf-dist/tex/latex/float/float.sty
Package: float 2001/11/08 v1.3d Float enhancements (AL)
\c@float@type=\count132
\float@exts=\toks25
\float@box=\box57
\@float@everytoks=\toks26
\@floatcapt=\box58
)
(/usr/local/texlive/2012/texmf-dist/tex/latex/tools/afterpage.sty
Package: afterpage 1995/10/27 v1.08 After-Page Package (DPC)
\AP@output=\toks27
\AP@partial=\box59
\AP@footins=\box60
)
(/usr/local/texlive/2012/texmf-dist/tex/latex/rotating/rotating.sty
Package: rotating 2009/03/28 v2.16a rotated objects in LaTeX
\c@r@tfl@t=\count133
\rotFPtop=\skip67
\rotFPbot=\skip68
\rot@float@box=\box61
\rot@mess@toks=\toks28
)
(/usr/local/texlive/2012/texmf-dist/tex/latex/pgf/frontendlayer/tikz.sty
(/usr/local/texlive/2012/texmf-dist/tex/latex/pgf/basiclayer/pgf.sty
(/usr/local/texlive/2012/texmf-dist/tex/latex/pgf/utilities/pgfrcs.sty
(/usr/local/texlive/2012/texmf-dist/tex/generic/pgf/utilities/pgfutil-common.te
x
\pgfutil@everybye=\toks29
)
(/usr/local/texlive/2012/texmf-dist/tex/generic/pgf/utilities/pgfutil-latex.def
\pgfutil@abb=\box62
(/usr/local/texlive/2012/texmf-dist/tex/latex/ms/everyshi.sty
Package: everyshi 2001/05/15 v3.00 EveryShipout Package (MS)
))
(/usr/local/texlive/2012/texmf-dist/tex/generic/pgf/utilities/pgfrcs.code.tex
Package: pgfrcs 2010/10/25 v2.10 (rcs-revision 1.24)
))
Package: pgf 2008/01/15 v2.10 (rcs-revision 1.12)
(/usr/local/texlive/2012/texmf-dist/tex/latex/pgf/basiclayer/pgfcore.sty
(/usr/local/texlive/2012/texmf-dist/tex/latex/pgf/systemlayer/pgfsys.sty
(/usr/local/texlive/2012/texmf-dist/tex/generic/pgf/systemlayer/pgfsys.code.tex
Package: pgfsys 2010/06/30 v2.10 (rcs-revision 1.37)
(/usr/local/texlive/2012/texmf-dist/tex/generic/pgf/utilities/pgfkeys.code.tex
\pgfkeys@pathtoks=\toks30
\pgfkeys@temptoks=\toks31

(/usr/local/texlive/2012/texmf-dist/tex/generic/pgf/utilities/pgfkeysfiltered.c
ode.tex
\pgfkeys@tmptoks=\toks32
))
\pgf@x=\dimen146
\pgf@y=\dimen147
\pgf@xa=\dimen148
\pgf@ya=\dimen149
\pgf@xb=\dimen150
\pgf@yb=\dimen151
\pgf@xc=\dimen152
\pgf@yc=\dimen153
\w@pgf@writea=\write4
\r@pgf@reada=\read1
\c@pgf@counta=\count134
\c@pgf@countb=\count135
\c@pgf@countc=\count136
\c@pgf@countd=\count137

(/usr/local/texlive/2012/texmf-dist/tex/generic/pgf/systemlayer/pgf.cfg
File: pgf.cfg 2008/05/14  (rcs-revision 1.7)
)
Package pgfsys Info: Driver file for pgf: pgfsys-pdftex.def on input line 900.

(/usr/local/texlive/2012/texmf-dist/tex/generic/pgf/systemlayer/pgfsys-pdftex.d
ef
File: pgfsys-pdftex.def 2009/05/22  (rcs-revision 1.26)

(/usr/local/texlive/2012/texmf-dist/tex/generic/pgf/systemlayer/pgfsys-common-p
df.def
File: pgfsys-common-pdf.def 2008/05/19  (rcs-revision 1.10)
)))
(/usr/local/texlive/2012/texmf-dist/tex/generic/pgf/systemlayer/pgfsyssoftpath.
code.tex
File: pgfsyssoftpath.code.tex 2008/07/18  (rcs-revision 1.7)
\pgfsyssoftpath@smallbuffer@items=\count138
\pgfsyssoftpath@bigbuffer@items=\count139
)
(/usr/local/texlive/2012/texmf-dist/tex/generic/pgf/systemlayer/pgfsysprotocol.
code.tex
File: pgfsysprotocol.code.tex 2006/10/16  (rcs-revision 1.4)
)) (/usr/local/texlive/2012/texmf-dist/tex/latex/xcolor/xcolor.sty
Package: xcolor 2007/01/21 v2.11 LaTeX color extensions (UK)

(/usr/local/texlive/2012/texmf-dist/tex/latex/latexconfig/color.cfg
File: color.cfg 2007/01/18 v1.5 color configuration of teTeX/TeXLive
)
Package xcolor Info: Driver file: pdftex.def on input line 225.
LaTeX Info: Redefining \color on input line 702.
Package xcolor Info: Model `cmy' substituted by `cmy0' on input line 1337.
Package xcolor Info: Model `hsb' substituted by `rgb' on input line 1341.
Package xcolor Info: Model `RGB' extended on input line 1353.
Package xcolor Info: Model `HTML' substituted by `rgb' on input line 1355.
Package xcolor Info: Model `Hsb' substituted by `hsb' on input line 1356.
Package xcolor Info: Model `tHsb' substituted by `hsb' on input line 1357.
Package xcolor Info: Model `HSB' substituted by `hsb' on input line 1358.
Package xcolor Info: Model `Gray' substituted by `gray' on input line 1359.
Package xcolor Info: Model `wave' substituted by `hsb' on input line 1360.
)
(/usr/local/texlive/2012/texmf-dist/tex/generic/pgf/basiclayer/pgfcore.code.tex
Package: pgfcore 2010/04/11 v2.10 (rcs-revision 1.7)
(/usr/local/texlive/2012/texmf-dist/tex/generic/pgf/math/pgfmath.code.tex
(/usr/local/texlive/2012/texmf-dist/tex/generic/pgf/math/pgfmathcalc.code.tex
(/usr/local/texlive/2012/texmf-dist/tex/generic/pgf/math/pgfmathutil.code.tex)
(/usr/local/texlive/2012/texmf-dist/tex/generic/pgf/math/pgfmathparser.code.tex
\pgfmath@dimen=\dimen154
\pgfmath@count=\count140
\pgfmath@box=\box63
\pgfmath@toks=\toks33
\pgfmath@stack@operand=\toks34
\pgfmath@stack@operation=\toks35
)
(/usr/local/texlive/2012/texmf-dist/tex/generic/pgf/math/pgfmathfunctions.code.
tex
(/usr/local/texlive/2012/texmf-dist/tex/generic/pgf/math/pgfmathfunctions.basic
.code.tex)
(/usr/local/texlive/2012/texmf-dist/tex/generic/pgf/math/pgfmathfunctions.trigo
nometric.code.tex)
(/usr/local/texlive/2012/texmf-dist/tex/generic/pgf/math/pgfmathfunctions.rando
m.code.tex)
(/usr/local/texlive/2012/texmf-dist/tex/generic/pgf/math/pgfmathfunctions.compa
rison.code.tex)
(/usr/local/texlive/2012/texmf-dist/tex/generic/pgf/math/pgfmathfunctions.base.
code.tex)
(/usr/local/texlive/2012/texmf-dist/tex/generic/pgf/math/pgfmathfunctions.round
.code.tex)
(/usr/local/texlive/2012/texmf-dist/tex/generic/pgf/math/pgfmathfunctions.misc.
code.tex)))
(/usr/local/texlive/2012/texmf-dist/tex/generic/pgf/math/pgfmathfloat.code.tex
\c@pgfmathroundto@lastzeros=\count141
))
(/usr/local/texlive/2012/texmf-dist/tex/generic/pgf/basiclayer/pgfcorepoints.co
de.tex
File: pgfcorepoints.code.tex 2010/04/09  (rcs-revision 1.20)
\pgf@picminx=\dimen155
\pgf@picmaxx=\dimen156
\pgf@picminy=\dimen157
\pgf@picmaxy=\dimen158
\pgf@pathminx=\dimen159
\pgf@pathmaxx=\dimen160
\pgf@pathminy=\dimen161
\pgf@pathmaxy=\dimen162
\pgf@xx=\dimen163
\pgf@xy=\dimen164
\pgf@yx=\dimen165
\pgf@yy=\dimen166
\pgf@zx=\dimen167
\pgf@zy=\dimen168
)
(/usr/local/texlive/2012/texmf-dist/tex/generic/pgf/basiclayer/pgfcorepathconst
ruct.code.tex
File: pgfcorepathconstruct.code.tex 2010/08/03  (rcs-revision 1.24)
\pgf@path@lastx=\dimen169
\pgf@path@lasty=\dimen170
)
(/usr/local/texlive/2012/texmf-dist/tex/generic/pgf/basiclayer/pgfcorepathusage
.code.tex
File: pgfcorepathusage.code.tex 2008/04/22  (rcs-revision 1.12)
\pgf@shorten@end@additional=\dimen171
\pgf@shorten@start@additional=\dimen172
)
(/usr/local/texlive/2012/texmf-dist/tex/generic/pgf/basiclayer/pgfcorescopes.co
de.tex
File: pgfcorescopes.code.tex 2010/09/08  (rcs-revision 1.34)
\pgfpic=\box64
\pgf@hbox=\box65
\pgf@layerbox@main=\box66
\pgf@picture@serial@count=\count142
)
(/usr/local/texlive/2012/texmf-dist/tex/generic/pgf/basiclayer/pgfcoregraphicst
ate.code.tex
File: pgfcoregraphicstate.code.tex 2008/04/22  (rcs-revision 1.9)
\pgflinewidth=\dimen173
)
(/usr/local/texlive/2012/texmf-dist/tex/generic/pgf/basiclayer/pgfcoretransform
ations.code.tex
File: pgfcoretransformations.code.tex 2009/06/10  (rcs-revision 1.11)
\pgf@pt@x=\dimen174
\pgf@pt@y=\dimen175
\pgf@pt@temp=\dimen176
)
(/usr/local/texlive/2012/texmf-dist/tex/generic/pgf/basiclayer/pgfcorequick.cod
e.tex
File: pgfcorequick.code.tex 2008/10/09  (rcs-revision 1.3)
)
(/usr/local/texlive/2012/texmf-dist/tex/generic/pgf/basiclayer/pgfcoreobjects.c
ode.tex
File: pgfcoreobjects.code.tex 2006/10/11  (rcs-revision 1.2)
)
(/usr/local/texlive/2012/texmf-dist/tex/generic/pgf/basiclayer/pgfcorepathproce
ssing.code.tex
File: pgfcorepathprocessing.code.tex 2008/10/09  (rcs-revision 1.8)
)
(/usr/local/texlive/2012/texmf-dist/tex/generic/pgf/basiclayer/pgfcorearrows.co
de.tex
File: pgfcorearrows.code.tex 2008/04/23  (rcs-revision 1.11)
)
(/usr/local/texlive/2012/texmf-dist/tex/generic/pgf/basiclayer/pgfcoreshade.cod
e.tex
File: pgfcoreshade.code.tex 2008/11/23  (rcs-revision 1.13)
\pgf@max=\dimen177
\pgf@sys@shading@range@num=\count143
)
(/usr/local/texlive/2012/texmf-dist/tex/generic/pgf/basiclayer/pgfcoreimage.cod
e.tex
File: pgfcoreimage.code.tex 2010/03/25  (rcs-revision 1.16)

(/usr/local/texlive/2012/texmf-dist/tex/generic/pgf/basiclayer/pgfcoreexternal.
code.tex
File: pgfcoreexternal.code.tex 2010/09/01  (rcs-revision 1.17)
\pgfexternal@startupbox=\box67
))
(/usr/local/texlive/2012/texmf-dist/tex/generic/pgf/basiclayer/pgfcorelayers.co
de.tex
File: pgfcorelayers.code.tex 2010/08/27  (rcs-revision 1.2)
)
(/usr/local/texlive/2012/texmf-dist/tex/generic/pgf/basiclayer/pgfcoretranspare
ncy.code.tex
File: pgfcoretransparency.code.tex 2008/01/17  (rcs-revision 1.2)
)
(/usr/local/texlive/2012/texmf-dist/tex/generic/pgf/basiclayer/pgfcorepatterns.
code.tex
File: pgfcorepatterns.code.tex 2009/07/02  (rcs-revision 1.3)
)))
(/usr/local/texlive/2012/texmf-dist/tex/generic/pgf/modules/pgfmoduleshapes.cod
e.tex
File: pgfmoduleshapes.code.tex 2010/09/09  (rcs-revision 1.13)
\pgfnodeparttextbox=\box68
)
(/usr/local/texlive/2012/texmf-dist/tex/generic/pgf/modules/pgfmoduleplot.code.
tex
File: pgfmoduleplot.code.tex 2010/10/22  (rcs-revision 1.8)
)
(/usr/local/texlive/2012/texmf-dist/tex/latex/pgf/compatibility/pgfcomp-version
-0-65.sty
Package: pgfcomp-version-0-65 2007/07/03 v2.10 (rcs-revision 1.7)
\pgf@nodesepstart=\dimen178
\pgf@nodesepend=\dimen179
)
(/usr/local/texlive/2012/texmf-dist/tex/latex/pgf/compatibility/pgfcomp-version
-1-18.sty
Package: pgfcomp-version-1-18 2007/07/23 v2.10 (rcs-revision 1.1)
))
(/usr/local/texlive/2012/texmf-dist/tex/latex/pgf/utilities/pgffor.sty
(/usr/local/texlive/2012/texmf-dist/tex/latex/pgf/utilities/pgfkeys.sty
(/usr/local/texlive/2012/texmf-dist/tex/generic/pgf/utilities/pgfkeys.code.tex)
) (/usr/local/texlive/2012/texmf-dist/tex/generic/pgf/utilities/pgffor.code.tex
Package: pgffor 2010/03/23 v2.10 (rcs-revision 1.18)
\pgffor@iter=\dimen180
\pgffor@skip=\dimen181
\pgffor@stack=\toks36
\pgffor@toks=\toks37
))
(/usr/local/texlive/2012/texmf-dist/tex/generic/pgf/frontendlayer/tikz/tikz.cod
e.tex
Package: tikz 2010/10/13 v2.10 (rcs-revision 1.76)

(/usr/local/texlive/2012/texmf-dist/tex/generic/pgf/libraries/pgflibraryplothan
dlers.code.tex
File: pgflibraryplothandlers.code.tex 2010/05/31 v2.10 (rcs-revision 1.15)
\pgf@plot@mark@count=\count144
\pgfplotmarksize=\dimen182
)
\tikz@lastx=\dimen183
\tikz@lasty=\dimen184
\tikz@lastxsaved=\dimen185
\tikz@lastysaved=\dimen186
\tikzleveldistance=\dimen187
\tikzsiblingdistance=\dimen188
\tikz@figbox=\box69
\tikz@tempbox=\box70
\tikztreelevel=\count145
\tikznumberofchildren=\count146
\tikznumberofcurrentchild=\count147
\tikz@fig@count=\count148

(/usr/local/texlive/2012/texmf-dist/tex/generic/pgf/modules/pgfmodulematrix.cod
e.tex
File: pgfmodulematrix.code.tex 2010/08/24  (rcs-revision 1.4)
\pgfmatrixcurrentrow=\count149
\pgfmatrixcurrentcolumn=\count150
\pgf@matrix@numberofcolumns=\count151
)
\tikz@expandcount=\count152

(/usr/local/texlive/2012/texmf-dist/tex/generic/pgf/frontendlayer/tikz/librarie
s/tikzlibrarytopaths.code.tex
File: tikzlibrarytopaths.code.tex 2008/06/17 v2.10 (rcs-revision 1.2)
))) (./Latex/StyleFiles/backrefx.sty

LaTeX Warning: You have requested package `Latex/StyleFiles/backrefx',
               but the package provides `backrefx'.

Package: backrefx 2004/07/10 v2.0 Backref enhancements (DNJ Els)
)
\@input{Latex/Macros/MacroFile1.aux}
\openout2 = `Latex/Macros/MacroFile1.aux'.

(./Latex/Macros/MacroFile1.tex)
(/usr/local/texlive/2012/texmf-dist/tex/latex/setspace/setspace.sty
Package: setspace 2011/12/19 v6.7a set line spacing
)
(./thesis.aux (./0/declaration.aux) (./0/abstract.aux) (./0/dedication.aux)
(./0/acknowledgement.aux) (./0/publications.aux) (./1/introduction.aux)
(./2/MHD.aux

LaTeX Warning: Label `sec:1' multiply defined.


LaTeX Warning: Label `sec:10' multiply defined.


LaTeX Warning: Label `sec:12' multiply defined.


LaTeX Warning: Label `sec:2' multiply defined.


LaTeX Warning: Label `sec:21' multiply defined.


LaTeX Warning: Label `eqn:ad_in' multiply defined.

) (./3/Instrumentation.aux

LaTeX Warning: Label `sec:1' multiply defined.


LaTeX Warning: Label `sec:22' multiply defined.


LaTeX Warning: Label `sec:3' multiply defined.


LaTeX Warning: Label `sec:30' multiply defined.


LaTeX Warning: Label `fig:swaves_antennas' multiply defined.


LaTeX Warning: Label `fig:herringbones' multiply defined.

) (./4/masses.aux

LaTeX Warning: Label `sec:1' multiply defined.


LaTeX Warning: Label `sec:10' multiply defined.


LaTeX Warning: Label `sec:10' multiply defined.


LaTeX Warning: Label `sec:11' multiply defined.


LaTeX Warning: Label `sec:2' multiply defined.


LaTeX Warning: Label `sec:21' multiply defined.

) (./5/shocks.aux

LaTeX Warning: Label `sec:1' multiply defined.


LaTeX Warning: Label `sec:10' multiply defined.


LaTeX Warning: Label `fig:pfss' multiply defined.


LaTeX Warning: Label `sec:20' multiply defined.


LaTeX Warning: Label `sec:31' multiply defined.

) (./6/conclusions.aux) (./appendix/app.aux

LaTeX Warning: Label `eqn:plasma_emiss' multiply defined.

))
\openout1 = `thesis.aux'.

LaTeX Font Info:    Checking defaults for OML/cmm/m/it on input line 139.
LaTeX Font Info:    ... okay on input line 139.
LaTeX Font Info:    Checking defaults for T1/cmr/m/n on input line 139.
LaTeX Font Info:    ... okay on input line 139.
LaTeX Font Info:    Checking defaults for OT1/cmr/m/n on input line 139.
LaTeX Font Info:    ... okay on input line 139.
LaTeX Font Info:    Checking defaults for OMS/cmsy/m/n on input line 139.
LaTeX Font Info:    ... okay on input line 139.
LaTeX Font Info:    Checking defaults for OMX/cmex/m/n on input line 139.
LaTeX Font Info:    ... okay on input line 139.
LaTeX Font Info:    Checking defaults for U/cmr/m/n on input line 139.
LaTeX Font Info:    ... okay on input line 139.
LaTeX Font Info:    Checking defaults for PD1/pdf/m/n on input line 139.
LaTeX Font Info:    ... okay on input line 139.
 (/usr/local/texlive/2012/texmf-dist/tex/context/base/supp-pdf.mkii
[Loading MPS to PDF converter (version 2006.09.02).]
\scratchcounter=\count153
\scratchdimen=\dimen189
\scratchbox=\box71
\nofMPsegments=\count154
\nofMParguments=\count155
\everyMPshowfont=\toks38
\MPscratchCnt=\count156
\MPscratchDim=\dimen190
\MPnumerator=\count157
\makeMPintoPDFobject=\count158
\everyMPtoPDFconversion=\toks39
)
Package caption Info: Begin \AtBeginDocument code.
Package caption Info: float package is loaded.
Package caption Info: hyperref package is loaded.
Package caption Info: rotating package is loaded.
Package caption Info: End \AtBeginDocument code.
\AtBeginShipoutBox=\box72
Package backref Info: ** backref set up for natbib ** on input line 139.
Package hyperref Info: Link coloring OFF on input line 139.
 (/usr/local/texlive/2012/texmf-dist/tex/latex/hyperref/nameref.sty
Package: nameref 2010/04/30 v2.40 Cross-referencing by name of section

(/usr/local/texlive/2012/texmf-dist/tex/generic/oberdiek/gettitlestring.sty
Package: gettitlestring 2010/12/03 v1.4 Cleanup title references (HO)
)
\c@section@level=\count159
)
LaTeX Info: Redefining \ref on input line 139.
LaTeX Info: Redefining \pageref on input line 139.
LaTeX Info: Redefining \nameref on input line 139.

(./thesis.out) (./thesis.out)
\@outlinefile=\write5
\openout5 = `thesis.out'.

 ABD: EveryShipout initializing macros
<images/tcd_crest.jpg, id=396, 949.5475pt x 1207.51125pt>
File: images/tcd_crest.jpg Graphic file (type jpg)

<use images/tcd_crest.jpg>
Package pdftex.def Info: images/tcd_crest.jpg used on input line 192.
(pdftex.def)             Requested size: 35.7876pt x 45.5244pt.

Overfull \hbox (3.06711pt too wide) in paragraph at lines 192--193
[][] 
 []

[1



\FN@pp@footnotehinttrue 

{/usr/local/texlive/2012/texmf-var/fonts/map/pdftex/updmap/pdftex.map} <./image
s/tcd_crest.jpg>]
\openout2 = `0/declaration.aux'.

 (./0/declaration.texpdfTeX warning (ext4): destination with the same identifie
r (name{page.i}) has been already used, duplicate ignored
<to be read again> 
                   \relax 
l.26 \end{declaration}
                       [1


]) [2]
\openout2 = `0/abstract.aux'.

 (./0/abstract.tex
LaTeX Font Info:    Try loading font information for U+msa on input line 6.

(/usr/local/texlive/2012/texmf-dist/tex/latex/amsfonts/umsa.fd
File: umsa.fd 2009/06/22 v3.00 AMS symbols A
)
LaTeX Font Info:    Try loading font information for U+msb on input line 6.

(/usr/local/texlive/2012/texmf-dist/tex/latex/amsfonts/umsb.fd
File: umsb.fd 2009/06/22 v3.00 AMS symbols B
) [3


] [4])
\openout2 = `0/dedication.aux'.


(./0/dedication.tex [5


])
\openout2 = `0/acknowledgement.aux'.

 (./0/acknowledgement.tex [6


])
\openout2 = `0/publications.aux'.

 (./0/publications.tex
LaTeX Font Info:    Try loading font information for T1+pbk on input line 3.

(/usr/local/texlive/2012/texmf-dist/tex/latex/psnfss/t1pbk.fd
File: t1pbk.fd 2001/06/04 font definitions for T1/pbk.
)
LaTeX Font Info:    Font shape `T1/pbk/b/n' in size <24.88> not available
(Font)              Font shape `T1/pbk/db/n' tried instead on input line 3.
LaTeX Font Info:    Font shape `T1/pbk/b/n' in size <100> not available
(Font)              Font shape `T1/pbk/db/n' tried instead on input line 3.


Package xcolor Warning: Incompatible color definition on input line 3.


Overfull \hbox (25.88873pt too wide) in paragraph at lines 13--16
\OT1/cmr/m/n/12 ``Coronal Mass Ejec-tion Masses, En-er-gies, and Force Es-ti-ma
tes Us-ing \OT1/cmr/m/it/12 STEREO\OT1/cmr/m/n/12 '', 
 []

[7



]) [8]

Package xcolor Warning: Incompatible color definition on input line 213.

(./thesis.toc [9


] [10] [11])
\tf@toc=\write6
\openout6 = `thesis.toc'.

 [12]

Package xcolor Warning: Incompatible color definition on input line 219.

(./thesis.lof [13

] [14] [15])
\tf@lof=\write7
\openout7 = `thesis.lof'.

 [16]
\openout2 = `1/introduction.aux'.

 (./1/introduction.tex
Chapter 1.

Package xcolor Warning: Incompatible color definition on input line 5.

[1



] [2

] [3] [4] [5]
<images/solar_atmosphere.jpg, id=854, 154.176pt x 115.632pt>
File: images/solar_atmosphere.jpg Graphic file (type jpg)

<use images/solar_atmosphere.jpg>
Package pdftex.def Info: images/solar_atmosphere.jpg used on input line 73.
(pdftex.def)             Requested size: 445.4555pt x 287.1449pt.

Overfull \hbox (32.89055pt too wide) in paragraph at lines 73--74
 [] 
 []

<images/differential_rot.png, id=855, 1243.64626pt x 651.43375pt>
File: images/differential_rot.png Graphic file (type png)

<use images/differential_rot.png>
Package pdftex.def Info: images/differential_rot.png used on input line 82.
(pdftex.def)             Requested size: 400.00153pt x 204.95088pt.

Underfull \hbox (badness 1466) in paragraph at lines 83--83
[]\OT1/cmr/bx/n/10.95 Figure 1.2: |\OT1/cmr/m/n/10.95 He-lio-seis-mo-log-i-cal 
de-ter-mi-na-tion of in-te-rior ro-ta-tion rate in
 []

[6 <./images/solar_atmosphere.jpg>] [7 <./images/differential_rot.png>]
[8] <images/bfly_new.pdf, id=885, 794.97pt x 614.295pt>
File: images/bfly_new.pdf Graphic file (type pdf)

<use images/bfly_new.pdf>
Package pdftex.def Info: images/bfly_new.pdf used on input line 106.
(pdftex.def)             Requested size: 421.5858pt x 259.61798pt.

Overfull \hbox (9.02084pt too wide) in paragraph at lines 106--107
 [] 
 []

<images/Babcock.jpg, id=886, 387.94937pt x 193.72375pt>
File: images/Babcock.jpg Graphic file (type jpg)

<use images/Babcock.jpg>
Package pdftex.def Info: images/Babcock.jpg used on input line 113.
(pdftex.def)             Requested size: 387.94843pt x 193.72327pt.


LaTeX Warning: `!h' float specifier changed to `!ht'.

[9 <./images/bfly_new.pdf>] [10 <./images/Babcock.jpg>] [11] [12]
<images/FAL-C.png, id=942, 1260.71pt x 842.14626pt>
File: images/FAL-C.png Graphic file (type png)
 <use images/FAL-C.png>
Package pdftex.def Info: images/FAL-C.png used on input line 161.
(pdftex.def)             Requested size: 378.21593pt x 252.64583pt.

[13 <./images/FAL-C.png>] [14]
<images/aia_multi_channel.pdf, id=986, 794.97pt x 505.89pt>
File: images/aia_multi_channel.pdf Graphic file (type pdf)

<use images/aia_multi_channel.pdf>
Package pdftex.def Info: images/aia_multi_channel.pdf used on input line 209.
(pdftex.def)             Requested size: 476.80804pt x 334.2038pt.

Overfull \hbox (64.24309pt too wide) in paragraph at lines 209--210
 [] 
 []

[15] [16 <./images/aia_multi_channel.pdf>]
<images/low_freq_obs.png, id=1033, 645.41125pt x 616.3025pt>
File: images/low_freq_obs.png Graphic file (type png)

<use images/low_freq_obs.png>
Package pdftex.def Info: images/low_freq_obs.png used on input line 220.
(pdftex.def)             Requested size: 387.24974pt x 335.6408pt.
 [17] [18 <./images/low_freq_obs.png>] [19]
[20] <images/lasco_c3.png, id=1116, 513.92pt x 513.92pt>
File: images/lasco_c3.png Graphic file (type png)

<use images/lasco_c3.png>
Package pdftex.def Info: images/lasco_c3.png used on input line 277.
(pdftex.def)             Requested size: 231.26186pt x 231.26186pt.
 [21] [22 <./images/lasco_c3.png (PNG copy)>]
<images/cme_speed_histo.png, id=1174, 791.95876pt x 796.9775pt>
File: images/cme_speed_histo.png Graphic file (type png)

<use images/cme_speed_histo.png>
Package pdftex.def Info: images/cme_speed_histo.png used on input line 303.
(pdftex.def)             Requested size: 316.7779pt x 296.02356pt.

<images/gall_kins2003.png, id=1179, 1224.575pt x 880.28876pt>
File: images/gall_kins2003.png Graphic file (type png)

<use images/gall_kins2003.png>
Package pdftex.def Info: images/gall_kins2003.png used on input line 310.
(pdftex.def)             Requested size: 398.73184pt x 288.18846pt.
 [23] [24 <./images/cme_speed_histo.png>]
[25 <./images/gall_kins2003.png>]
<images/accel_zhang2006.png, id=1213, 1069.9975pt x 902.37125pt>
File: images/accel_zhang2006.png Graphic file (type png)

<use images/accel_zhang2006.png>
Package pdftex.def Info: images/accel_zhang2006.png used on input line 321.
(pdftex.def)             Requested size: 267.49872pt x 225.59225pt.
 [26 <./images/accel_zhang2006.png>]
<images/zhang2001.png, id=1234, 754.82pt x 746.79pt>
File: images/zhang2001.png Graphic file (type png)

<use images/zhang2001.png>
Package pdftex.def Info: images/zhang2001.png used on input line 331.
(pdftex.def)             Requested size: 301.92265pt x 275.94891pt.
 [27 <./images/zhang2001.png>] [28]
<images/cme_energies2.pdf, id=1271, 794.97pt x 614.295pt>
File: images/cme_energies2.pdf Graphic file (type pdf)

<use images/cme_energies2.pdf>
Package pdftex.def Info: images/cme_energies2.pdf used on input line 356.
(pdftex.def)             Requested size: 417.23445pt x 197.862pt.

Overfull \hbox (4.6695pt too wide) in paragraph at lines 356--360
 [] 
 []

[29] [30 <./images/cme_energies2.pdf>]
<images/energy_dist.png, id=1314, 1476.51625pt x 767.86874pt>
File: images/energy_dist.png Graphic file (type png)

<use images/energy_dist.png>
Package pdftex.def Info: images/energy_dist.png used on input line 375.
(pdftex.def)             Requested size: 434.42241pt x 204.75471pt.

Overfull \hbox (21.85745pt too wide) in paragraph at lines 375--377
 [] 
 []

[31 <./images/energy_dist.png>]
<images/vrsnak_lorentz.png, id=1339, 714.67pt x 854.19125pt>
File: images/vrsnak_lorentz.png Graphic file (type png)

<use images/vrsnak_lorentz.png>
Package pdftex.def Info: images/vrsnak_lorentz.png used on input line 388.
(pdftex.def)             Requested size: 285.86293pt x 318.90865pt.
 [32]
<images/emslie_energy.png, id=1359, 366.4089pt x 208.8603pt>
File: images/emslie_energy.png Graphic file (type png)

<use images/emslie_energy.png>
Package pdftex.def Info: images/emslie_energy.png used on input line 400.
(pdftex.def)             Requested size: 371.75293pt x 229.74704pt.
 [33] [34 <./images/vrsnak_lorentz.png>] [35 <./images/emslie_energy.png>]
<images/typeII.png, id=1393, 1447.4075pt x 758.835pt>
File: images/typeII.png Graphic file (type png)
 <use images/typeII.png>
Package pdftex.def Info: images/typeII.png used on input line 423.
(pdftex.def)             Requested size: 333.39832pt x 161.2556pt.

[36] [37 <./images/typeII.png>]
<images/radio_shock.pdf, id=1437, 250.18388pt x 128.93349pt>
File: images/radio_shock.pdf Graphic file (type pdf)

<use images/radio_shock.pdf>
Package pdftex.def Info: images/radio_shock.pdf used on input line 454.
(pdftex.def)             Requested size: 275.20311pt x 126.17822pt.

<images/cho_trim.png, id=1452, 1484.54625pt x 699.61375pt>
File: images/cho_trim.png Graphic file (type png)

<use images/cho_trim.png>
Package pdftex.def Info: images/cho_trim.png used on input line 468.
(pdftex.def)             Requested size: 400.83286pt x 173.53354pt.
 [38 <./images/radio_shock.pdf>] [39]
<images/reiner_mancuso.pdf, id=1506, 794.97pt x 614.295pt>
File: images/reiner_mancuso.pdf Graphic file (type pdf)

<use images/reiner_mancuso.pdf>
Package pdftex.def Info: images/reiner_mancuso.pdf used on input line 479.
(pdftex.def)             Requested size: 369.03136pt x 164.88332pt.

<images/mancuso_uvcs.pdf, id=1515, 794.97pt x 614.295pt>
File: images/mancuso_uvcs.pdf Graphic file (type pdf)

<use images/mancuso_uvcs.pdf>
Package pdftex.def Info: images/mancuso_uvcs.pdf used on input line 495.
(pdftex.def)             Requested size: 500.19824pt x 332.68304pt.

Overfull \hbox (87.63329pt too wide) in paragraph at lines 495--500
 [] 
 []

[40 <./images/cho_trim.png>] [41 <./images/reiner_mancuso.pdf>] [42 <./images/m
ancuso_uvcs.pdf>] <images/miteva_herbones.pdf, id=1630, 240.9pt x 189.67873pt>
File: images/miteva_herbones.pdf Graphic file (type pdf)

<use images/miteva_herbones.pdf>
Package pdftex.def Info: images/miteva_herbones.pdf used on input line 527.
(pdftex.def)             Requested size: 337.25768pt x 265.54839pt.
 [43] [44 <./images/miteva_herbones.pdf>]
<images/eit_19970512_wave.jpg, id=1666, 803.0pt x 275.0275pt>
File: images/eit_19970512_wave.jpg Graphic file (type jpg)

<use images/eit_19970512_wave.jpg>
Package pdftex.def Info: images/eit_19970512_wave.jpg used on input line 540.
(pdftex.def)             Requested size: 401.49902pt x 123.28706pt.

<images/grechnev2011.png, id=1685, 746.79pt x 880.28876pt>
File: images/grechnev2011.png Graphic file (type png)

<use images/grechnev2011.png>
Package pdftex.def Info: images/grechnev2011.png used on input line 549.
(pdftex.def)             Requested size: 198.43105pt x 247.01688pt.
 [45 <./images/eit_19970512_wave.jpg>] [46 <./images/grechnev2011.png>] <images
/shock_sim.png, id=1733, 1477.52pt x 549.05125pt>
File: images/shock_sim.png Graphic file (type png)

<use images/shock_sim.png>
Package pdftex.def Info: images/shock_sim.png used on input line 560.
(pdftex.def)             Requested size: 362.26593pt x 123.03613pt.
 [47]
<images/wl_shock.pdf, id=1765, 308.83379pt x 306.4248pt>
File: images/wl_shock.pdf Graphic file (type pdf)

<use images/wl_shock.pdf>
Package pdftex.def Info: images/wl_shock.pdf used on input line 573.
(pdftex.def)             Requested size: 277.94783pt x 262.97617pt.
 [48 <./images/shock_sim.png>] [49 <./images/wl_shock.pdf>] [50]) [51]
\openout2 = `2/MHD.aux'.

 (./2/MHD.tex
Chapter 2.

Package xcolor Warning: Incompatible color definition on input line 4.


Package hyperref Warning: Token not allowed in a PDF string (PDFDocEncoding):
(hyperref)                removing `\\' on input line 10.

[52



] [53] [54] [55] [56] [57] [58] [59] [60]
Overfull \hbox (14.14728pt too wide) in paragraph at lines 141--142
[]\OT1/cmr/m/n/12 Magnetic re-con-nec-tion is the dy-nam-i-cal pro-cess that de
-scribes the short timescale
 []

<images/reconnection.pdf, id=1903, 582.175pt x 501.875pt>
File: images/reconnection.pdf Graphic file (type pdf)

<use images/reconnection.pdf>
Package pdftex.def Info: images/reconnection.pdf used on input line 150.
(pdftex.def)             Requested size: 407.51973pt x 351.31009pt.
 [61] [62 <./images/reconnection.pdf>] [63]
[64] <images/catastrophe.png, id=1989, 849.1725pt x 906.38625pt>
File: images/catastrophe.png Graphic file (type png)

<use images/catastrophe.png>
Package pdftex.def Info: images/catastrophe.png used on input line 201.
(pdftex.def)             Requested size: 328.28209pt x 334.09584pt.
 [65] [66 <./images/catastrophe.png>] [67]
<images/lynch_breakout.png, id=2049, 768.8725pt x 913.4125pt>
File: images/lynch_breakout.png Graphic file (type png)

<use images/lynch_breakout.png>
Package pdftex.def Info: images/lynch_breakout.png used on input line 236.
(pdftex.def)             Requested size: 345.98943pt x 398.22821pt.
 [68] [69 <./images/lynch_breakout.png>]
[70] <images/chen_model.png, id=2094, 677.53125pt x 564.1075pt>
File: images/chen_model.png Graphic file (type png)

<use images/chen_model.png>
Package pdftex.def Info: images/chen_model.png used on input line 252.
(pdftex.def)             Requested size: 271.00769pt x 202.87721pt.
 [71]
<images/chen_forces.png, id=2109, 897.3525pt x 525.965pt>
File: images/chen_forces.png Graphic file (type png)

<use images/chen_forces.png>
Package pdftex.def Info: images/chen_forces.png used on input line 264.
(pdftex.def)             Requested size: 358.93463pt x 176.23958pt.
 [72 <./images/chen_model.png>] [73 <./images/chen_forces.png>] <images/alfven_
speed.png, id=2125, 1207.51125pt x 846.16125pt>
File: images/alfven_speed.png Graphic file (type png)

<use images/alfven_speed.png>
Package pdftex.def Info: images/alfven_speed.png used on input line 283.
(pdftex.def)             Requested size: 301.87708pt x 183.08711pt.
 [74] [75 <./images/alfven_speed.png>]
<images/shock_pic.png, id=2144, 497.86pt x 404.51125pt>
File: images/shock_pic.png Graphic file (type png)

<use images/shock_pic.png>
Package pdftex.def Info: images/shock_pic.png used on input line 298.
(pdftex.def)             Requested size: 248.92938pt x 202.25513pt.
 [76 <./images/shock_pic.png>]

LaTeX Warning: Command \textquoteleft invalid in math mode on input line 315.


LaTeX Warning: Command \textquoteleft invalid in math mode on input line 315.

LaTeX Font Info:    Try loading font information for OMS+cmr on input line 317.

(/usr/local/texlive/2012/texmf-dist/tex/latex/base/omscmr.fd
File: omscmr.fd 1999/05/25 v2.5h Standard LaTeX font definitions
)
LaTeX Font Info:    Font shape `OMS/cmr/m/n' in size <12> not available
(Font)              Font shape `OMS/cmsy/m/n' tried instead on input line 317.
 [77] [78]pdfTeX warning (ext4): destination with the same identifier (name{equ
ation.2.3.1}) has been already used, duplicate ignored
<to be read again> 
                   \relax 
l.332 \end{align}
                 pdfTeX warning (ext4): destination with the same identifier (n
ame{equation.2.3.2}) has been already used, duplicate ignored
<to be read again> 
                   \relax 
l.332 \end{align}
                 pdfTeX warning (ext4): destination with the same identifier (n
ame{equation.2.3.3}) has been already used, duplicate ignored
<to be read again> 
                   \relax 
l.332 \end{align}
                  [79] [80]
<images/nif_dht.png, id=2187, 993.7125pt x 378.41376pt>
File: images/nif_dht.png Graphic file (type png)

<use images/nif_dht.png>
Package pdftex.def Info: images/nif_dht.png used on input line 356.
(pdftex.def)             Requested size: 447.16649pt x 170.2846pt.

Overfull \hbox (34.60153pt too wide) in paragraph at lines 356--357
 [] 
 []

[81 <./images/nif_dht.png>] [82]
<images/sda_original.png, id=2219, 1026.83624pt x 703.62875pt>
File: images/sda_original.png Graphic file (type png)

<use images/sda_original.png>
Package pdftex.def Info: images/sda_original.png used on input line 381.
(pdftex.def)             Requested size: 308.05325pt x 211.09026pt.
 [83 <./images/sda_original.png>] [84] [85]
[86] <images/bump_on_tail.png, id=2292, 1526.70375pt x 882.29625pt>
File: images/bump_on_tail.png Graphic file (type png)

<use images/bump_on_tail.png>
Package pdftex.def Info: images/bump_on_tail.png used on input line 461.
(pdftex.def)             Requested size: 305.33534pt x 176.45612pt.
 [87] [88 <./images/bump_on_tail.png>] [89]
[90] <images/Cairns2003.pdf, id=2345, 358.70009pt x 148.3944pt>
File: images/Cairns2003.pdf Graphic file (type pdf)

<use images/Cairns2003.pdf>
Package pdftex.def Info: images/Cairns2003.pdf used on input line 529.
(pdftex.def)             Requested size: 394.5713pt x 147.58528pt.
 [91]
<images/herbone_model.png, id=2382, 241.22227pt x 154.69164pt>
File: images/herbone_model.png Graphic file (type png)

<use images/herbone_model.png>
Package pdftex.def Info: images/herbone_model.png used on input line 555.
(pdftex.def)             Requested size: 289.46527pt x 185.62901pt.
 [92 <./images/Cairns2003.pdf>]
<images/radiobursts.png, id=2403, 1229.59375pt x 572.1375pt>
File: images/radiobursts.png Graphic file (type png)

<use images/radiobursts.png>
Package pdftex.def Info: images/radiobursts.png used on input line 569.
(pdftex.def)             Requested size: 410.44704pt x 180.3339pt.
 [93 <./images/herbone_model.png>]
<images/density_models.pdf, id=2408, 469.755pt x 505.89pt>
File: images/density_models.pdf Graphic file (type pdf)

<use images/density_models.pdf>
Package pdftex.def Info: images/density_models.pdf used on input line 581.
(pdftex.def)             Requested size: 165.13687pt x 179.5906pt.

<images/1st_harmonic.pdf, id=2409, 469.755pt x 505.89pt>
File: images/1st_harmonic.pdf Graphic file (type pdf)

<use images/1st_harmonic.pdf>
Package pdftex.def Info: images/1st_harmonic.pdf used on input line 585.
(pdftex.def)             Requested size: 187.89867pt x 179.5906pt.

Overfull \hbox (64.12793pt too wide) in paragraph at lines 585--586
[][] 
 []

[94 <./images/radiobursts.png>]) [95 <./images/density_models.pdf> <./images/1s
t_harmonic.pdf>]
\openout2 = `3/Instrumentation.aux'.

 (./3/Instrumentation.tex
Chapter 3.

Package xcolor Warning: Incompatible color definition on input line 5.

[96



] <images/solar_eclipse.jpg, id=2450, 903.375pt x 599.23875pt>
File: images/solar_eclipse.jpg Graphic file (type jpg)

<use images/solar_eclipse.jpg>
Package pdftex.def Info: images/solar_eclipse.jpg used on input line 16.
(pdftex.def)             Requested size: 406.515pt x 269.65494pt.

<images/kandfcorona.pdf, id=2455, 794.97pt x 614.295pt>
File: images/kandfcorona.pdf Graphic file (type pdf)

<use images/kandfcorona.pdf>
Package pdftex.def Info: images/kandfcorona.pdf used on input line 24.
(pdftex.def)             Requested size: 496.72484pt x 390.17pt.

Overfull \hbox (84.15988pt too wide) in paragraph at lines 24--25
 [] 
 []

[97

 <./images/solar_eclipse.jpg>] [98 <./images/kandfcorona.pdf>] [99]
<images/lyot.png, id=2493, 1153.30875pt x 364.36125pt>
File: images/lyot.png Graphic file (type png)
 <use images/lyot.png>
Package pdftex.def Info: images/lyot.png used on input line 40.
(pdftex.def)             Requested size: 403.66411pt x 87.6939pt.

<images/c2_concept.png, id=2496, 979.66pt x 669.50125pt>
File: images/c2_concept.png Graphic file (type png)

<use images/c2_concept.png>
Package pdftex.def Info: images/c2_concept.png used on input line 54.
(pdftex.def)             Requested size: 391.85706pt x 267.79576pt.
 [100 <./images/lyot.png>]
<images/c2_detail.png, id=2508, 919.435pt x 691.58376pt>
File: images/c2_detail.png Graphic file (type png)

<use images/c2_detail.png>
Package pdftex.def Info: images/c2_detail.png used on input line 63.
(pdftex.def)             Requested size: 459.71637pt x 345.79103pt.
 [101 <./images/c2_concept.png>] [102 <./images/c2_detail.png>] <images/lasco_c
2_thesis.pdf, id=2528, 794.97pt x 614.295pt>
File: images/lasco_c2_thesis.pdf Graphic file (type pdf)

<use images/lasco_c2_thesis.pdf>
Package pdftex.def Info: images/lasco_c2_thesis.pdf used on input line 77.
(pdftex.def)             Requested size: 390.28769pt x 212.67079pt.
 [103]
<images/where_stereo_thesis.pdf, id=2536, 794.97pt x 505.89pt>
File: images/where_stereo_thesis.pdf Graphic file (type pdf)

<use images/where_stereo_thesis.pdf>
Package pdftex.def Info: images/where_stereo_thesis.pdf used on input line 88.
(pdftex.def)             Requested size: 664.25192pt x 276.0461pt.

Overfull \hbox (34.25192pt too wide) in paragraph at lines 88--89
 [][] 
 []

<images/COR1_design.png, id=2539, 1291.82625pt x 825.0825pt>
File: images/COR1_design.png Graphic file (type png)

<use images/COR1_design.png>
Package pdftex.def Info: images/COR1_design.png used on input line 95.
(pdftex.def)             Requested size: 400.00153pt x 246.66093pt.

<images/cor2.png, id=2544, 616.704pt x 429.7656pt>
File: images/cor2.png Graphic file (type png)
 <use images/cor2.png>
Package pdftex.def Info: images/cor2.png used on input line 102.
(pdftex.def)             Requested size: 400.00153pt x 260.29913pt.

Overfull \hbox (1.89899pt too wide) in paragraph at lines 85--107
\OT1/cmr/m/n/12 The \OT1/cmr/m/it/12 So-lar Ter-res-trial Re-la-tions Ob-ser-va
-tory \OT1/cmr/m/n/12 (\OT1/cmr/m/it/12 STEREO\OT1/cmr/m/n/12 ; [][]Kaiser \OT1
/cmr/m/it/12 et al.[]\OT1/cmr/m/n/12 , []2008[]) Ahead
 []

[104 <./images/lasco_c2_thesis.pdf>]
<images/euvi_cor1_cor2.png, id=2586, 803.0pt x 803.0pt>
File: images/euvi_cor1_cor2.png Graphic file (type png)

<use images/euvi_cor1_cor2.png>
Package pdftex.def Info: images/euvi_cor1_cor2.png used on input line 113.
(pdftex.def)             Requested size: 240.90186pt x 232.36597pt.
 [105] [106 <./images/where_stereo_thesis.pdf>]
[107 <./images/COR1_design.png>] [108 <./images/cor2.png (PNG copy)>] [109 <./i
mages/euvi_cor1_cor2.png (PNG copy)>] [110] [111]
Overfull \hbox (4.69014pt too wide) in paragraph at lines 170--171
\OT1/cmr/m/n/12 FeXVI(335[]A). One of the tele-scopes ob-serves longer wave-len
gths at CIV(1600[]A),
 []

[112] <images/aia_telescope.png, id=2681, 345.00754pt x 142.36101pt>
File: images/aia_telescope.png Graphic file (type png)

<use images/aia_telescope.png>
Package pdftex.def Info: images/aia_telescope.png used on input line 175.
(pdftex.def)             Requested size: 379.50946pt x 156.59756pt.
 [113 <./images/aia_telescope.png>]
<images/aia_4telescopes.png, id=2692, 344.64438pt x 188.48306pt>
File: images/aia_4telescopes.png Graphic file (type png)

<use images/aia_4telescopes.png>
Package pdftex.def Info: images/aia_4telescopes.png used on input line 184.
(pdftex.def)             Requested size: 413.57118pt x 226.17853pt.

Overfull \hbox (1.00623pt too wide) in paragraph at lines 184--185
 [] 
 []

<images/aia_passbands.png, id=2697, 298.15915pt x 208.45718pt>
File: images/aia_passbands.png Graphic file (type png)

<use images/aia_passbands.png>
Package pdftex.def Info: images/aia_passbands.png used on input line 192.
(pdftex.def)             Requested size: 357.78918pt x 250.14734pt.
 [114] [115 <./images/aia_4telescopes.png>]
<images/nrh_layout.png, id=2716, 987.69pt x 659.46375pt>
File: images/nrh_layout.png Graphic file (type png)

<use images/nrh_layout.png>
Package pdftex.def Info: images/nrh_layout.png used on input line 210.
(pdftex.def)             Requested size: 543.23119pt x 362.70618pt.
 [116 <./images/aia_passbands.png>] [117 <./images/nrh_layout.png>] [118] [119]
LaTeX Font Info:    Try loading font information for U+euf on input line 244.

(/usr/local/texlive/2012/texmf-dist/tex/latex/amsfonts/ueuf.fd
File: ueuf.fd 2009/06/22 v3.00 Euler Fraktur
)
<images/image_ft_relation.png, id=2759, 768.8725pt x 513.92pt>
File: images/image_ft_relation.png Graphic file (type png)

<use images/image_ft_relation.png>
Package pdftex.def Info: images/image_ft_relation.png used on input line 257.
(pdftex.def)             Requested size: 384.4353pt x 256.95937pt.

<images/aia_nrh_compare.pdf, id=2760, 794.97pt x 614.295pt>
File: images/aia_nrh_compare.pdf Graphic file (type pdf)

<use images/aia_nrh_compare.pdf>
Package pdftex.def Info: images/aia_nrh_compare.pdf used on input line 265.
(pdftex.def)             Requested size: 419.82404pt x 167.23598pt.

Overfull \hbox (7.25908pt too wide) in paragraph at lines 265--266
 [] 
 []


Underfull \hbox (badness 1817) in paragraph at lines 266--266
[]\OT1/cmr/bx/n/10.95 Figure 3.16: |\OT1/cmr/m/n/10.95 Ob-ser-va-tions from NRH
 at 150MHz and 432,MHz, with
 []

[120] [121 <./images/image_ft_relation.png (PNG copy)>] [122 <./images/aia_nrh_
compare.pdf>] <images/S130705.png, id=2835, 682.55pt x 554.07pt>
File: images/S130705.png Graphic file (type png)

<use images/S130705.png>
Package pdftex.def Info: images/S130705.png used on input line 305.
(pdftex.def)             Requested size: 409.53316pt x 332.44456pt.

Underfull \hbox (badness 2556) in paragraph at lines 306--306
[]\OT1/cmr/bx/n/10.95 Figure 3.17: |\OT1/cmr/m/n/10.95 Nan^^Xcay De-ca-met-ric 
Ar-ray ob-ser-va-tions of an ac-tive pe-
 []


Underfull \hbox (badness 1490) in paragraph at lines 306--306
\OT1/cmr/m/n/10.95 riod of type III ra-dio bursts on 07 May 2013. Im-age cour-t
esy of the
 []

[123] <images/Stereo-antennas.png, id=2854, 763.1712pt x 361.35pt>
File: images/Stereo-antennas.png Graphic file (type png)

<use images/Stereo-antennas.png>
Package pdftex.def Info: images/Stereo-antennas.png used on input line 317.
(pdftex.def)             Requested size: 381.58467pt x 180.67456pt.
 [124 <./images/S130705.png>] [125 <./images/Stereo-antennas.png>]
<images/swaves_summary_20110922.pdf, id=2871, 794.97pt x 614.295pt>
File: images/swaves_summary_20110922.pdf Graphic file (type pdf)

<use images/swaves_summary_20110922.pdf>
Package pdftex.def Info: images/swaves_summary_20110922.pdf used on input line 
330.
(pdftex.def)             Requested size: 635.97687pt x 400.38774pt.

Overfull \hbox (5.97687pt too wide) in paragraph at lines 330--331
 [][] 
 []

<images/callisto_layout.pdf, id=2877, 794.97pt x 614.295pt>
File: images/callisto_layout.pdf Graphic file (type pdf)

<use images/callisto_layout.pdf>
Package pdftex.def Info: images/callisto_layout.pdf used on input line 345.
(pdftex.def)             Requested size: 613.21465pt x 377.62549pt.
 [126] [127 <./images/swaves_summary_20110922.pdf, page is rotated 270 degrees>
] [128] [129 <./images/callisto_layout.pdf>]
<images/20110922_typeII_hb.pdf, id=2929, 722.7pt x 578.16pt>
File: images/20110922_typeII_hb.pdf Graphic file (type pdf)

<use images/20110922_typeII_hb.pdf>
Package pdftex.def Info: images/20110922_typeII_hb.pdf used on input line 364.
(pdftex.def)             Requested size: 430.42885pt x 358.45549pt.

Overfull \hbox (17.86389pt too wide) in paragraph at lines 364--365
 [] 
 []

<images/hbone_backsub.pdf, id=2934, 794.97pt x 614.295pt>
File: images/hbone_backsub.pdf Graphic file (type pdf)

<use images/hbone_backsub.pdf>
Package pdftex.def Info: images/hbone_backsub.pdf used on input line 372.
(pdftex.def)             Requested size: 417.23445pt x 317.3645pt.

Overfull \hbox (4.6695pt too wide) in paragraph at lines 372--373
 [] 
 []

<images/callisto_instr_paper3.pdf, id=2937, 469.755pt x 578.16pt>
File: images/callisto_instr_paper3.pdf Graphic file (type pdf)

<use images/callisto_instr_paper3.pdf>
Package pdftex.def Info: images/callisto_instr_paper3.pdf used on input line 37
9.
(pdftex.def)             Requested size: 308.90948pt x 384.79245pt.
 [130]
<images/callisto_worldwide.pdf, id=2942, 845.1575pt x 598.235pt>
File: images/callisto_worldwide.pdf Graphic file (type pdf)

<use images/callisto_worldwide.pdf>
Package pdftex.def Info: images/callisto_worldwide.pdf used on input line 389.
(pdftex.def)             Requested size: 380.31737pt x 269.20326pt.

<images/rfi_survey.pdf, id=2948, 568.1225pt x 352.31625pt>
File: images/rfi_survey.pdf Graphic file (type pdf)

<use images/rfi_survey.pdf>
Package pdftex.def Info: images/rfi_survey.pdf used on input line 398.
(pdftex.def)             Requested size: 397.68303pt x 246.61969pt.
 [131] [132 <./images/20110922_typeII_hb.pdf>]
[133 <./images/hbone_backsub.pdf>] [134 <./images/callisto_instr_paper3.pdf>])
[135 <./images/callisto_worldwide.pdf>] [136 <./images/rfi_survey.pdf>]
\openout2 = `4/masses.aux'.


(./4/masses.tex
Chapter 4.

Package xcolor Warning: Incompatible color definition on input line 5.

[137



] [138] [139] [140]
<images/cor1ab_color.pdf, id=3124, 939.51pt x 578.16pt>
File: images/cor1ab_color.pdf Graphic file (type pdf)

<use images/cor1ab_color.pdf>
Package pdftex.def Info: images/cor1ab_color.pdf used on input line 34.
(pdftex.def)             Requested size: 563.71036pt x 346.89867pt.

<images/cor2ab_color_test.pdf, id=3129, 794.97pt x 614.295pt>
File: images/cor2ab_color_test.pdf Graphic file (type pdf)

<use images/cor2ab_color_test.pdf>
Package pdftex.def Info: images/cor2ab_color_test.pdf used on input line 43.
(pdftex.def)             Requested size: 635.97687pt x 400.38774pt.

Overfull \hbox (5.97687pt too wide) in paragraph at lines 43--45
 [][] 
 []

[141] [142 <./images/cor1ab_color.pdf>] [143 <./images/cor2ab_color_test.pdf>]
[144] <images/t_scatter.png, id=3217, 1044.90375pt x 889.3225pt>
File: images/t_scatter.png Graphic file (type png)

<use images/t_scatter.png>
Package pdftex.def Info: images/t_scatter.png used on input line 79.
(pdftex.def)             Requested size: 355.76318pt x 311.26753pt.
 [145] [146 <./images/t_scatter.png>]
<images/omega_new.pdf, id=3251, 794.97pt x 614.295pt>
File: images/omega_new.pdf Graphic file (type pdf)

<use images/omega_new.pdf>
Package pdftex.def Info: images/omega_new.pdf used on input line 97.
(pdftex.def)             Requested size: 397.48402pt x 278.69406pt.
 [147] [148 <./images/omega_new.pdf>]
<images/LOS_POS_2.pdf, id=3316, 597.23125pt x 845.1575pt>
File: images/LOS_POS_2.pdf Graphic file (type pdf)

<use images/LOS_POS_2.pdf>
Package pdftex.def Info: images/LOS_POS_2.pdf used on input line 135.
(pdftex.def)             Requested size: 238.88826pt x 338.057pt.
 [149] [150 <./images/LOS_POS_2.pdf>]
<images/pos_angle.pdf, id=3348, 722.7pt x 578.16pt>
File: images/pos_angle.pdf Graphic file (type pdf)
 <use images/pos_angle.pdf>
Package pdftex.def Info: images/pos_angle.pdf used on input line 169.
(pdftex.def)             Requested size: 266.31308pt x 208.4981pt.

[151] <images/angular_width.pdf, id=3357, 794.97pt x 614.295pt>
File: images/angular_width.pdf Graphic file (type pdf)

<use images/angular_width.pdf>
Package pdftex.def Info: images/angular_width.pdf used on input line 183.
(pdftex.def)             Requested size: 306.60147pt x 211.57095pt.
 [152 <./images/pos_angle.pdf>]
<images/deprojected_pos.pdf, id=3396, 614.295pt x 794.97pt>
File: images/deprojected_pos.pdf Graphic file (type pdf)

<use images/deprojected_pos.pdf>
Package pdftex.def Info: images/deprojected_pos.pdf used on input line 194.
(pdftex.def)             Requested size: 420.04518pt x 526.60005pt.

Overfull \hbox (7.48022pt too wide) in paragraph at lines 194--195
 [] 
 []


LaTeX Warning: Float too large for page by 15.80008pt on input line 198.

[153 <./images/angular_width.pdf>] [154] [155 <./images/deprojected_pos.pdf>]
[156

] [157] <images/20081212_mass_ht.pdf, id=3539, 469.755pt x 722.7pt>
File: images/20081212_mass_ht.pdf Graphic file (type pdf)

<use images/20081212_mass_ht.pdf>
Package pdftex.def Info: images/20081212_mass_ht.pdf used on input line 229.
(pdftex.def)             Requested size: 281.85518pt x 433.62334pt.


LaTeX Warning: Command \textquoteleft invalid in math mode on input line 230.


LaTeX Warning: Command \textquoteleft invalid in math mode on input line 230.

[158] [159]

LaTeX Warning: Text page 160 contains only floats.

[160 <./images/20081212_mass_ht.pdf>] [161]
<images/20081212_force_v2.pdf, id=3574, 325.215pt x 722.7pt>
File: images/20081212_force_v2.pdf Graphic file (type pdf)

<use images/20081212_force_v2.pdf>
Package pdftex.def Info: images/20081212_force_v2.pdf used on input line 256.
(pdftex.def)             Requested size: 243.91064pt x 542.02367pt.


LaTeX Warning: Float too large for page by 30.2237pt on input line 261.


LaTeX Warning: `!h' float specifier changed to `!ht'.

[162] [163 <./images/20081212_force_v2.pdf>] [164

] [165] [166] [167] [168])
[169]
\openout2 = `5/shocks.aux'.

 (./5/shocks.tex
Chapter 5.

Package xcolor Warning: Incompatible color definition on input line 5.

[170



] [171] [172]
<images/gallagher_figure1_final.pdf, id=3780, 794.97pt x 614.295pt>
File: images/gallagher_figure1_final.pdf Graphic file (type pdf)

<use images/gallagher_figure1_final.pdf>
Package pdftex.def Info: images/gallagher_figure1_final.pdf used on input line 
44.
(pdftex.def)             Requested size: 556.4752pt x 350.33641pt.
 [173] [174 <./images/gallagher_figure1_final.pdf>]
<images/gallagher_figure2_final.pdf, id=3847, 433.62pt x 505.89pt>
File: images/gallagher_figure2_final.pdf Graphic file (type pdf)

<use images/gallagher_figure2_final.pdf>
Package pdftex.def Info: images/gallagher_figure2_final.pdf used on input line 
61.
(pdftex.def)             Requested size: 283.61514pt x 354.12057pt.
 [175] [176 <./images/gallagher_figure2_final.pdf>] <images/pietro_density.pdf,
 id=3898, 794.97pt x 614.295pt>
File: images/pietro_density.pdf Graphic file (type pdf)

<use images/pietro_density.pdf>
Package pdftex.def Info: images/pietro_density.pdf used on input line 80.
(pdftex.def)             Requested size: 544.92793pt x 468.67444pt.

Overfull \hbox (132.36298pt too wide) in paragraph at lines 80--82
 [] 
 []

[177]

LaTeX Warning: Text page 178 contains only floats.

[178 <./images/pietro_density.pdf>]
<images/gallagher_supplem_fig2_final.pdf, id=3969, 794.97pt x 614.295pt>
File: images/gallagher_supplem_fig2_final.pdf Graphic file (type pdf)

<use images/gallagher_supplem_fig2_final.pdf>
Package pdftex.def Info: images/gallagher_supplem_fig2_final.pdf used on input 
line 100.
(pdftex.def)             Requested size: 459.91391pt x 334.43628pt.

Overfull \hbox (47.34895pt too wide) in paragraph at lines 100--101
 [] 
 []

<images/thesis_alfven_map.pdf, id=3978, 722.7pt x 722.7pt>
File: images/thesis_alfven_map.pdf Graphic file (type pdf)

<use images/thesis_alfven_map.pdf>
Package pdftex.def Info: images/thesis_alfven_map.pdf used on input line 112.
(pdftex.def)             Requested size: 347.12277pt x 290.2174pt.
 [179] [180 <./images/gallagher_supplem_fig2_final.pdf>] [181 <./images/thesis_
alfven_map.pdf>] [182]
<images/tri_color.pdf, id=4049, 794.97pt x 614.295pt>
File: images/tri_color.pdf Graphic file (type pdf)

<use images/tri_color.pdf>
Package pdftex.def Info: images/tri_color.pdf used on input line 132.
(pdftex.def)             Requested size: 413.38678pt x 141.88902pt.

Overfull \hbox (0.82182pt too wide) in paragraph at lines 132--133
 [] 
 []

Missing character: There is no  in font cmr12!
[183 <./images/tri_color.pdf>] [184] [185]
<images/gallagher_figure3_final.pdf, id=4119, 794.97pt x 614.295pt>
File: images/gallagher_figure3_final.pdf Graphic file (type pdf)

<use images/gallagher_figure3_final.pdf>
Package pdftex.def Info: images/gallagher_figure3_final.pdf used on input line 
156.
(pdftex.def)             Requested size: 536.55843pt x 290.58603pt.
 [186] [187 <./images/gallagher_figure3_final.pdf>]

LaTeX Warning: Reference `fig:sept' on page 188 undefined on input line 164.

<images/typeIII_speeds.pdf, id=4200, 794.97pt x 614.295pt>
File: images/typeIII_speeds.pdf Graphic file (type pdf)

<use images/typeIII_speeds.pdf>
Package pdftex.def Info: images/typeIII_speeds.pdf used on input line 168.
(pdftex.def)             Requested size: 447.96371pt x 214.93378pt.

Overfull \hbox (35.39876pt too wide) in paragraph at lines 168--169
 [] 
 []

<images/gallagher_supplem_fig1_final.pdf, id=4209, 722.7pt x 722.7pt>
File: images/gallagher_supplem_fig1_final.pdf Graphic file (type pdf)

<use images/gallagher_supplem_fig1_final.pdf>
Package pdftex.def Info: images/gallagher_supplem_fig1_final.pdf used on input 
line 177.
(pdftex.def)             Requested size: 348.26442pt x 416.55156pt.
 [188

] [189 <./images/typeIII_speeds.pdf>] [190 <./images/gallagher_supplem_fig1_fin
al.pdf>]
<images/gallagher_figure4_final.pdf, id=4285, 794.97pt x 614.295pt>
File: images/gallagher_figure4_final.pdf Graphic file (type pdf)

<use images/gallagher_figure4_final.pdf>
Package pdftex.def Info: images/gallagher_figure4_final.pdf used on input line 
191.
(pdftex.def)             Requested size: 434.30623pt x 325.9004pt.

Overfull \hbox (21.74127pt too wide) in paragraph at lines 191--192
 [] 
 []

[191]

LaTeX Warning: Text page 192 contains only floats.

[192 <./images/gallagher_figure4_final.pdf>] [193]
<images/gallagher_schematic.png, id=4395, 282.30469pt x 329.73187pt>
File: images/gallagher_schematic.png Graphic file (type png)

<use images/gallagher_schematic.png>
Package pdftex.def Info: images/gallagher_schematic.png used on input line 214.

(pdftex.def)             Requested size: 197.61192pt x 230.81071pt.
 [194] [195 <./images/gallagher_schematic.png (PNG copy)>] [196]) [197]
\openout2 = `6/conclusions.aux'.

 (./6/conclusions.tex
Chapter 6.

Package xcolor Warning: Incompatible color definition on input line 5.

[198



] [199

] [200] <images/masks.pdf, id=4483, 722.7pt x 433.62pt>
File: images/masks.pdf Graphic file (type pdf)

<use images/masks.pdf>
Package pdftex.def Info: images/masks.pdf used on input line 36.
(pdftex.def)             Requested size: 382.408pt x 208.95866pt.
 [201]
<images/CME_MASSES_lin_log.pdf, id=4499, 1445.4pt x 1445.4pt>
File: images/CME_MASSES_lin_log.pdf Graphic file (type pdf)

<use images/CME_MASSES_lin_log.pdf>
Package pdftex.def Info: images/CME_MASSES_lin_log.pdf used on input line 48.
(pdftex.def)             Requested size: 314.12086pt x 382.408pt.
 [202 <./images/masks.pdf>] [203 <./images/CME_MASSES_lin_log.pdf>] [204]
<images/inverse_masks.pdf, id=4539, 433.62pt x 433.62pt>
File: images/inverse_masks.pdf Graphic file (type pdf)

<use images/inverse_masks.pdf>
Package pdftex.def Info: images/inverse_masks.pdf used on input line 84.
(pdftex.def)             Requested size: 260.17401pt x 260.17401pt.

<images/compare_masks_c2c3.pdf, id=4540, 1445.4pt x 1445.4pt>
File: images/compare_masks_c2c3.pdf Graphic file (type pdf)

<use images/compare_masks_c2c3.pdf>
Package pdftex.def Info: images/compare_masks_c2c3.pdf used on input line 92.
(pdftex.def)             Requested size: 433.62335pt x 408.01569pt.

Overfull \hbox (21.0584pt too wide) in paragraph at lines 92--93
 [] 
 []

[205 <./images/inverse_masks.pdf>] [206 <./images/compare_masks_c2c3.pdf>]
<images/mask_nomask_invmask_c2c3.pdf, id=4573, 1445.4pt x 1445.4pt>
File: images/mask_nomask_invmask_c2c3.pdf Graphic file (type pdf)

<use images/mask_nomask_invmask_c2c3.pdf>
Package pdftex.def Info: images/mask_nomask_invmask_c2c3.pdf used on input line
 102.
(pdftex.def)             Requested size: 433.62335pt x 433.62335pt.

Overfull \hbox (21.0584pt too wide) in paragraph at lines 102--103
 [] 
 []

[207] [208 <./images/mask_nomask_invmask_c2c3.pdf>] [209]
<images/euv_dimming.png, id=4604, 1251.67625pt x 811.03pt>
File: images/euv_dimming.png Graphic file (type png)

<use images/euv_dimming.png>
Package pdftex.def Info: images/euv_dimming.png used on input line 154.
(pdftex.def)             Requested size: 428.13464pt x 273.90614pt.

Overfull \hbox (15.56969pt too wide) in paragraph at lines 154--155
 [] 
 []

[210 <./images/euv_dimming.png>]
<images/mass_temp_dist2.pdf, id=4617, 794.97pt x 614.295pt>
File: images/mass_temp_dist2.pdf Graphic file (type pdf)

<use images/mass_temp_dist2.pdf>
Package pdftex.def Info: images/mass_temp_dist2.pdf used on input line 166.
(pdftex.def)             Requested size: 429.24675pt x 200.60194pt.

Overfull \hbox (16.6818pt too wide) in paragraph at lines 166--167
 [] 
 []

[211 <./images/mass_temp_dist2.pdf>] [212]
<images/mass_dim_t.png, id=4661, 574.145pt x 409.53pt>
File: images/mass_dim_t.png Graphic file (type png)

<use images/mass_dim_t.png>
Package pdftex.def Info: images/mass_dim_t.png used on input line 195.
(pdftex.def)             Requested size: 300.13167pt x 209.59314pt.
 [213 <./images/mass_dim_t.png>] [214] [215]
[216] <images/r_theta_line.pdf, id=4693, 794.97pt x 614.295pt>
File: images/r_theta_line.pdf Graphic file (type pdf)

<use images/r_theta_line.pdf>
Package pdftex.def Info: images/r_theta_line.pdf used on input line 228.
(pdftex.def)             Requested size: 283.83966pt x 205.88051pt.
 [217] [218 <./images/r_theta_line.pdf>]
<images/hough_example_simple.pdf, id=4753, 794.97pt x 614.295pt>
File: images/hough_example_simple.pdf Graphic file (type pdf)

<use images/hough_example_simple.pdf>
Package pdftex.def Info: images/hough_example_simple.pdf used on input line 241
.
(pdftex.def)             Requested size: 397.48402pt x 200.44919pt.

<images/hough_example.pdf, id=4755, 794.97pt x 614.295pt>
File: images/hough_example.pdf Graphic file (type pdf)

<use images/hough_example.pdf>
Package pdftex.def Info: images/hough_example.pdf used on input line 249.
(pdftex.def)             Requested size: 516.64163pt x 350.33641pt.
 [219 <./images/hough_example_simple.pdf>]
[220 <./images/hough_example.pdf>]
<images/herringbones_only.pdf, id=4867, 794.97pt x 614.295pt>
File: images/herringbones_only.pdf Graphic file (type pdf)

<use images/herringbones_only.pdf>
Package pdftex.def Info: images/herringbones_only.pdf used on input line 258.
(pdftex.def)             Requested size: 397.48402pt x 179.10966pt.

<images/hough_herringbones.pdf, id=4873, 722.7pt x 578.16pt>
File: images/hough_herringbones.pdf Graphic file (type pdf)

<use images/hough_herringbones.pdf>
Package pdftex.def Info: images/hough_herringbones.pdf used on input line 266.
(pdftex.def)             Requested size: 361.3491pt x 260.62662pt.
 [221 <./images/herringbones_only.pdf>]
<images/hough_herringbones_only.pdf, id=4911, 794.97pt x 614.295pt>
File: images/hough_herringbones_only.pdf Graphic file (type pdf)

<use images/hough_herringbones_only.pdf>
Package pdftex.def Info: images/hough_herringbones_only.pdf used on input line 
279.
(pdftex.def)             Requested size: 397.48402pt x 179.10966pt.

<images/herringbone_stats.pdf, id=4912, 794.97pt x 614.295pt>
File: images/herringbone_stats.pdf Graphic file (type pdf)

<use images/herringbone_stats.pdf>
Package pdftex.def Info: images/herringbone_stats.pdf used on input line 288.
(pdftex.def)             Requested size: 486.76645pt x 410.08678pt.

Overfull \hbox (74.20149pt too wide) in paragraph at lines 288--289
 [] 
 []

[222 <./images/hough_herringbones.pdf>]
<images/herringbone_stats2.pdf, id=4927, 794.97pt x 614.295pt>
File: images/herringbone_stats2.pdf Graphic file (type pdf)

<use images/herringbone_stats2.pdf>
Package pdftex.def Info: images/herringbone_stats2.pdf used on input line 299.
(pdftex.def)             Requested size: 486.76645pt x 410.08678pt.

Overfull \hbox (74.20149pt too wide) in paragraph at lines 299--300
 [] 
 []

<images/hough_maxi.pdf, id=4931, 505.89pt x 505.89pt>
File: images/hough_maxi.pdf Graphic file (type pdf)

<use images/hough_maxi.pdf>
Package pdftex.def Info: images/hough_maxi.pdf used on input line 308.
(pdftex.def)             Requested size: 231.60487pt x 238.71803pt.
 [223 <./images/hough_herringbones_only.pdf>]
[224 <./images/herringbone_stats.pdf>] [225 <./images/herringbone_stats2.pdf>]
[226 <./images/hough_maxi.pdf>]) [227]
\openout2 = `appendix/app.aux'.

 (./appendix/app.tex
Appendix A.

Package xcolor Warning: Incompatible color definition on input line 4.

[228



]

LaTeX Warning: Reference `eqn:harm' on page 229 undefined on input line 37.


LaTeX Warning: Reference `eqn:fund' on page 229 undefined on input line 37.

Missing character: There is no  in font cmr12!

Overfull \hbox (10.28319pt too wide) in paragraph at lines 51--52
\OT1/cmr/m/n/12 method starts by re-con-struct-ing the dif-fer-en-tial emis-sio
n mea-sure $\OML/cmm/m/it/12 dEM=dT\OT1/cmr/m/n/12 (\OML/cmm/m/it/12 DEM\OT1/cm
r/m/n/12 )$,
 []

[229]
Overfull \hbox (2.3974pt too wide) in paragraph at lines 67--68
[]\OT1/cmr/m/n/12 As for the po-lar-ized bright-ness mea-sure-ments, the den-si
ty di-ag-nos-tic is through
 []

[230]) [231] (./thesis.bbl (./thesis.brf)
\tf@brf=\write8
\openout8 = `thesis.brf'.



Package xcolor Warning: Incompatible color definition on input line 1.

[232


] [233] [234] [235] [236] [237] [238] [239] [240] [241] [242] [243]
[244] [245] [246] [247] [248] [249] [250] [251] [252] [253] [254] [255]
[256] [257] [258] [259] [260] [261])
Package atveryend Info: Empty hook `BeforeClearDocument' on input line 264.
 [262]
Package atveryend Info: Empty hook `AfterLastShipout' on input line 264.
 (./thesis.aux (./0/declaration.aux)
(./0/abstract.aux) (./0/dedication.aux) (./0/acknowledgement.aux)
(./0/publications.aux) (./1/introduction.aux) (./2/MHD.aux)
(./3/Instrumentation.aux) (./4/masses.aux) (./5/shocks.aux)
(./6/conclusions.aux) (./appendix/app.aux))
Package atveryend Info: Executing hook `AtVeryEndDocument' on input line 264.
Package atveryend Info: Executing hook `AtEndAfterFileList' on input line 264.
Package rerunfilecheck Info: File `thesis.out' has not changed.
(rerunfilecheck)             Checksum: EA61CE192CB9B24B9883ECC6E6FD5B16;7638.


Package rerunfilecheck Warning: File `thesis.brf' has changed.
(rerunfilecheck)                Rerun to get bibliographical references right.

Package rerunfilecheck Info: Checksums for `thesis.brf':
(rerunfilecheck)             Before: D3E3A74A8D06AE25A9063112F0958C99;27698
(rerunfilecheck)             After:  A43492944C9396A4D74DC181DD3AAEB3;27751.

LaTeX Warning: There were undefined references.


LaTeX Warning: There were multiply-defined labels.

Package atveryend Info: Empty hook `AtVeryVeryEnd' on input line 264.
 ) 
Here is how much of TeX's memory you used:
 21692 strings out of 493488
 368486 string characters out of 3141327
 473213 words of memory out of 3000000
 23530 multiletter control sequences out of 15000+200000
 21820 words of font info for 76 fonts, out of 3000000 for 9000
 957 hyphenation exceptions out of 8191
 56i,12n,55p,2427b,1470s stack positions out of 5000i,500n,10000p,200000b,50000s
pdfTeX warning (dest): name{Hfootnote.8} has been referenced but does not exi
st, replaced by a fixed one

pdfTeX warning (dest): name{Hfootnote.7} has been referenced but does not exist
, replaced by a fixed one

pdfTeX warning (dest): name{Hfootnote.6} has been referenced but does not exist
, replaced by a fixed one

pdfTeX warning (dest): name{Hfootnote.5} has been referenced but does not exist
, replaced by a fixed one

pdfTeX warning (dest): name{Hfootnote.4} has been referenced but does not exist
, replaced by a fixed one

pdfTeX warning (dest): name{Hfootnote.3} has been referenced but does not exist
, replaced by a fixed one

pdfTeX warning (dest): name{Hfootnote.2} has been referenced but does not exist
, replaced by a fixed one

pdfTeX warning (dest): name{Hfootnote.1} has been referenced but does not exist
, replaced by a fixed one

{/usr/local/texlive/2012/texmf-dist/fonts/enc/dvips/base/8r.enc}</usr/local/tex
live/2012/texmf-dist/fonts/type1/public/amsfonts/cm/cmbx10.pfb></usr/local/texl
ive/2012/texmf-dist/fonts/type1/public/amsfonts/cm/cmbx12.pfb></usr/local/texli
ve/2012/texmf-dist/fonts/type1/public/amsfonts/cm/cmbx8.pfb></usr/local/texlive
/2012/texmf-dist/fonts/type1/public/amsfonts/cm/cmcsc10.pfb></usr/local/texlive
/2012/texmf-dist/fonts/type1/public/amsfonts/cm/cmex10.pfb></usr/local/texlive/
2012/texmf-dist/fonts/type1/public/amsfonts/cm/cmmi10.pfb></usr/local/texlive/2
012/texmf-dist/fonts/type1/public/amsfonts/cm/cmmi12.pfb></usr/local/texlive/20
12/texmf-dist/fonts/type1/public/amsfonts/cm/cmmi6.pfb></usr/local/texlive/2012
/texmf-dist/fonts/type1/public/amsfonts/cm/cmmi7.pfb></usr/local/texlive/2012/t
exmf-dist/fonts/type1/public/amsfonts/cm/cmmi8.pfb></usr/local/texlive/2012/tex
mf-dist/fonts/type1/public/amsfonts/cm/cmr10.pfb></usr/local/texlive/2012/texmf
-dist/fonts/type1/public/amsfonts/cm/cmr12.pfb></usr/local/texlive/2012/texmf-d
ist/fonts/type1/public/amsfonts/cm/cmr17.pfb></usr/local/texlive/2012/texmf-dis
t/fonts/type1/public/amsfonts/cm/cmr6.pfb></usr/local/texlive/2012/texmf-dist/f
onts/type1/public/amsfonts/cm/cmr7.pfb></usr/local/texlive/2012/texmf-dist/font
s/type1/public/amsfonts/cm/cmr8.pfb></usr/local/texlive/2012/texmf-dist/fonts/t
ype1/public/amsfonts/cm/cmsy10.pfb></usr/local/texlive/2012/texmf-dist/fonts/ty
pe1/public/amsfonts/cm/cmsy6.pfb></usr/local/texlive/2012/texmf-dist/fonts/type
1/public/amsfonts/cm/cmsy7.pfb></usr/local/texlive/2012/texmf-dist/fonts/type1/
public/amsfonts/cm/cmsy8.pfb></usr/local/texlive/2012/texmf-dist/fonts/type1/pu
blic/amsfonts/cm/cmti10.pfb></usr/local/texlive/2012/texmf-dist/fonts/type1/pub
lic/amsfonts/cm/cmti12.pfb></usr/local/texlive/2012/texmf-dist/fonts/type1/publ
ic/amsfonts/euler/eufm10.pfb></usr/local/texlive/2012/texmf-dist/fonts/type1/pu
blic/amsfonts/symbols/msam10.pfb></usr/local/texlive/2012/texmf-dist/fonts/type
1/urw/bookman/ubkd8a.pfb>
Output written on thesis.pdf (279 pages, 47760229 bytes).
PDF statistics:
 6042 PDF objects out of 6186 (max. 8388607)
 5119 compressed objects within 52 object streams
 877 named destinations out of 1000 (max. 500000)
 1314 words of extra memory for PDF output out of 10000 (max. 10000000)

