This is pdfTeXk, Version 3.141592-1.40.3 (Web2C 7.5.6) (format=pdflatex 2007.5.10)  15 NOV 2009 17:45
entering extended mode
\write18 enabled.
 %&-line parsing enabled.
**PhDthesisPSnPDF.cls
(./PhDthesisPSnPDF.cls
LaTeX2e <2005/12/01>
Babel <v3.8h> and hyphenation patterns for english, usenglishmax, dumylang, noh
yphenation, arabic, basque, bulgarian, coptic, welsh, czech, slovak, german, ng
erman, danish, esperanto, spanish, catalan, galician, estonian, farsi, finnish,
 french, greek, monogreek, ancientgreek, croatian, hungarian, interlingua, ibyc
us, indonesian, icelandic, italian, latin, mongolian, dutch, norsk, polish, por
tuguese, pinyin, romanian, russian, slovenian, uppersorbian, serbian, swedish, 
turkish, ukenglish, ukrainian, loaded.

LaTeX Warning: You have requested package `',
               but the package provides `Latex/Classes/PhDthesisPSnPDF'.

Package: Latex/Classes/PhDthesisPSnPDF 2007/09/06 v2 PhD thesis class
(/usr/local/texlive/2007/texmf-dist/tex/latex/base/book.cls
Document Class: book 2005/09/16 v1.4f Standard LaTeX document class
(/usr/local/texlive/2007/texmf-dist/tex/latex/base/bk10.clo
File: bk10.clo 2005/09/16 v1.4f Standard LaTeX file (size option)
)
\c@part=\count79
\c@chapter=\count80
\c@section=\count81
\c@subsection=\count82
\c@subsubsection=\count83
\c@paragraph=\count84
\c@subparagraph=\count85
\c@figure=\count86
\c@table=\count87
\abovecaptionskip=\skip41
\belowcaptionskip=\skip42
\bibindent=\dimen102
)

! LaTeX Error: \usepackage before \documentclass.

See the LaTeX manual or LaTeX Companion for explanation.
Type  H <return>  for immediate help.
 ...                                              
                                                  
l.42 \usepackage{
                 amssymb}
? 
! Emergency stop.
 ...                                              
                                                  
l.42 \usepackage{
                 amssymb}
\usepackage may only appear in the document preamble, i.e.,
between \documentclass and \begin{document}.

 
Here is how much of TeX's memory you used:
 221 strings out of 94073
 2506 string characters out of 1162984
 48804 words of memory out of 1500000
 3597 multiletter control sequences out of 10000+50000
 3640 words of font info for 14 fonts, out of 1200000 for 2000
 645 hyphenation exceptions out of 8191
 23i,0n,17p,144b,36s stack positions out of 5000i,500n,6000p,200000b,5000s
!  ==> Fatal error occurred, no output PDF file produced!
